#-----------------------------------------------------------
# Vivado v2023.2 (64-bit)
# SW Build 4029153 on Fri Oct 13 20:14:34 MDT 2023
# IP Build 4028589 on Sat Oct 14 00:45:43 MDT 2023
# SharedData Build 4025554 on Tue Oct 10 17:18:54 MDT 2023
# Start of session at: Thu Dec 14 14:30:15 2023
# Process ID: 20340
# Current directory: C:/Users/yohan/Documents/IRIS_CubeSat
# Command line: vivado.exe -gui_launcher_event rodinguilauncherevent3152 C:\Users\yohan\Documents\IRIS_CubeSat\I.R.I.S. - CubeSat - Master.xpr
# Log file: C:/Users/yohan/Documents/IRIS_CubeSat/vivado.log
# Journal file: C:/Users/yohan/Documents/IRIS_CubeSat\vivado.jou
# Running On: DESKTOP-BC6995K, OS: Windows, CPU Frequency: 1992 MHz, CPU Physical cores: 4, Host memory: 16944 MB
#-----------------------------------------------------------
start_gui
open_project {C:/Users/yohan/Documents/IRIS_CubeSat/I.R.I.S. - CubeSat - Master.xpr}
WARNING: [Board 49-26] cannot add Board Part xilinx.com:kc705:part0:1.6 available at C:/Xilinx/Vivado/2023.2/data/xhub/boards/XilinxBoardStore/boards/Xilinx/kc705/1.6/board.xml as part xc7k325tffg900-2 specified in board_part file is either invalid or not available
WARNING: [Board 49-26] cannot add Board Part xilinx.com:kcu105:part0:1.6 available at C:/Xilinx/Vivado/2023.2/data/xhub/boards/XilinxBoardStore/boards/Xilinx/kcu105/1.6/board.xml as part xcku040-ffva1156-2-e specified in board_part file is either invalid or not available
WARNING: [Board 49-26] cannot add Board Part xilinx.com:kcu105:part0:1.7 available at C:/Xilinx/Vivado/2023.2/data/xhub/boards/XilinxBoardStore/boards/Xilinx/kcu105/1.7/board.xml as part xcku040-ffva1156-2-e specified in board_part file is either invalid or not available
WARNING: [Board 49-26] cannot add Board Part xilinx.com:kcu1500:part0:1.2 available at C:/Xilinx/Vivado/2023.2/data/xhub/boards/XilinxBoardStore/boards/Xilinx/kcu1500/1.2/board.xml as part xcku115-flvb2104-2-e specified in board_part file is either invalid or not available
WARNING: [Board 49-26] cannot add Board Part xilinx.com:vc707:part0:1.4 available at C:/Xilinx/Vivado/2023.2/data/xhub/boards/XilinxBoardStore/boards/Xilinx/vc707/1.4/board.xml as part xc7vx485tffg1761-2 specified in board_part file is either invalid or not available
WARNING: [Board 49-26] cannot add Board Part xilinx.com:vc709:part0:1.8 available at C:/Xilinx/Vivado/2023.2/data/xhub/boards/XilinxBoardStore/boards/Xilinx/vc709/1.8/board.xml as part xc7vx690tffg1761-2 specified in board_part file is either invalid or not available
WARNING: [Board 49-26] cannot add Board Part xilinx.com:vck190:part0:2.2 available at C:/Xilinx/Vivado/2023.2/data/xhub/boards/XilinxBoardStore/boards/Xilinx/vck190/production/2.2/board.xml as part xcvc1902-vsva2197-2mp-e-s specified in board_part file is either invalid or not available
WARNING: [Board 49-26] cannot add Board Part xilinx.com:vck190:part0:3.0 available at C:/Xilinx/Vivado/2023.2/data/xhub/boards/XilinxBoardStore/boards/Xilinx/vck190/production/3.0/board.xml as part xcvc1902-vsva2197-2mp-e-s specified in board_part file is either invalid or not available
WARNING: [Board 49-26] cannot add Board Part xilinx.com:vck190:part0:3.1 available at C:/Xilinx/Vivado/2023.2/data/xhub/boards/XilinxBoardStore/boards/Xilinx/vck190/production/3.1/board.xml as part xcvc1902-vsva2197-2mp-e-s specified in board_part file is either invalid or not available
WARNING: [Board 49-26] cannot add Board Part xilinx.com:vck190:part0:3.2 available at C:/Xilinx/Vivado/2023.2/data/xhub/boards/XilinxBoardStore/boards/Xilinx/vck190/production/3.2/board.xml as part xcvc1902-vsva2197-2mp-e-s specified in board_part file is either invalid or not available
WARNING: [Board 49-26] cannot add Board Part xilinx.com:vck190_newl:part0:1.0 available at C:/Xilinx/Vivado/2023.2/data/xhub/boards/XilinxBoardStore/boards/Xilinx/vck190_newl/production/1.0/board.xml as part xcvc1902-vsva2197-2mp-e-s specified in board_part file is either invalid or not available
WARNING: [Board 49-26] cannot add Board Part xilinx.com:vck190_newl:part0:1.1 available at C:/Xilinx/Vivado/2023.2/data/xhub/boards/XilinxBoardStore/boards/Xilinx/vck190_newl/production/1.1/board.xml as part xcvc1902-vsva2197-2mp-e-s specified in board_part file is either invalid or not available
WARNING: [Board 49-26] cannot add Board Part xilinx.com:vcu108:part0:1.6 available at C:/Xilinx/Vivado/2023.2/data/xhub/boards/XilinxBoardStore/boards/Xilinx/vcu108/1.6/board.xml as part xcvu095-ffva2104-2-e specified in board_part file is either invalid or not available
WARNING: [Board 49-26] cannot add Board Part xilinx.com:vcu108:part0:1.7 available at C:/Xilinx/Vivado/2023.2/data/xhub/boards/XilinxBoardStore/boards/Xilinx/vcu108/1.7/board.xml as part xcvu095-ffva2104-2-e specified in board_part file is either invalid or not available
WARNING: [Board 49-26] cannot add Board Part xilinx.com:vcu110:part0:1.4 available at C:/Xilinx/Vivado/2023.2/data/xhub/boards/XilinxBoardStore/boards/Xilinx/vcu110/1.4/board.xml as part xcvu190-flgc2104-2-e specified in board_part file is either invalid or not available
WARNING: [Board 49-26] cannot add Board Part xilinx.com:vcu118:part0:2.0 available at C:/Xilinx/Vivado/2023.2/data/xhub/boards/XilinxBoardStore/boards/Xilinx/vcu118/2.0/board.xml as part xcvu9p-flga2104-2l-e specified in board_part file is either invalid or not available
WARNING: [Board 49-26] cannot add Board Part xilinx.com:vcu118:part0:2.3 available at C:/Xilinx/Vivado/2023.2/data/xhub/boards/XilinxBoardStore/boards/Xilinx/vcu118/2.3/board.xml as part xcvu9p-flga2104-2l-e specified in board_part file is either invalid or not available
WARNING: [Board 49-26] cannot add Board Part xilinx.com:vcu118:part0:2.4 available at C:/Xilinx/Vivado/2023.2/data/xhub/boards/XilinxBoardStore/boards/Xilinx/vcu118/2.4/board.xml as part xcvu9p-flga2104-2l-e specified in board_part file is either invalid or not available
WARNING: [Board 49-26] cannot add Board Part xilinx.com:vcu129:part0:1.0 available at C:/Xilinx/Vivado/2023.2/data/xhub/boards/XilinxBoardStore/boards/Xilinx/vcu129/production/1.0/board.xml as part xcvu29p-fsga2577-2l-e specified in board_part file is either invalid or not available
WARNING: [Board 49-26] cannot add Board Part xilinx.com:vcu1525:part0:1.3 available at C:/Xilinx/Vivado/2023.2/data/xhub/boards/XilinxBoardStore/boards/Xilinx/vcu1525/1.3/board.xml as part xcvu9p-fsgd2104-2l-e specified in board_part file is either invalid or not available
WARNING: [Board 49-26] cannot add Board Part xilinx.com:vek280:part0:1.0 available at C:/Xilinx/Vivado/2023.2/data/xhub/boards/XilinxBoardStore/boards/Xilinx/vek280/production/1.0/board.xml as part xcve2802-vsvh1760-2mp-e-s specified in board_part file is either invalid or not available
WARNING: [Board 49-26] cannot add Board Part xilinx.com:vek280_es:part0:1.0 available at C:/Xilinx/Vivado/2023.2/data/xhub/boards/XilinxBoardStore/boards/Xilinx/vek280/es/rev_a/1.0/board.xml as part xcve2802-vsvh1760-2lp-e-s-es1 specified in board_part file is either invalid or not available
WARNING: [Board 49-26] cannot add Board Part xilinx.com:vek280_es:part0:1.1 available at C:/Xilinx/Vivado/2023.2/data/xhub/boards/XilinxBoardStore/boards/Xilinx/vek280/es/rev_a/1.1/board.xml as part xcve2802-vsvh1760-2lp-e-s-es1 specified in board_part file is either invalid or not available
WARNING: [Board 49-26] cannot add Board Part xilinx.com:vek280_es_revb:part0:1.0 available at C:/Xilinx/Vivado/2023.2/data/xhub/boards/XilinxBoardStore/boards/Xilinx/vek280/es/rev_b/1.0/board.xml as part xcve2802-vsvh1760-2mp-e-s-es1 specified in board_part file is either invalid or not available
WARNING: [Board 49-26] cannot add Board Part xilinx.com:vek280_es_revb:part0:1.1 available at C:/Xilinx/Vivado/2023.2/data/xhub/boards/XilinxBoardStore/boards/Xilinx/vek280/es/rev_b/1.1/board.xml as part xcve2802-vsvh1760-2mp-e-s-es1 specified in board_part file is either invalid or not available
WARNING: [Board 49-26] cannot add Board Part xilinx.com:vermeo_t1_mpsoc:part0:1.0 available at C:/Xilinx/Vivado/2023.2/data/xhub/boards/XilinxBoardStore/boards/Xilinx/vermeo_t1_mpsoc/1.0/board.xml as part xczu19eg-ffvd1760-2l-e specified in board_part file is either invalid or not available
WARNING: [Board 49-26] cannot add Board Part xilinx.com:vermeo_t1_rfsoc:part0:1.0 available at C:/Xilinx/Vivado/2023.2/data/xhub/boards/XilinxBoardStore/boards/Xilinx/vermeo_t1_rfsoc/1.0/board.xml as part xczu21dr-ffvd1156-2l-e specified in board_part file is either invalid or not available
WARNING: [Board 49-26] cannot add Board Part xilinx.com:vhk158:part0:1.0 available at C:/Xilinx/Vivado/2023.2/data/xhub/boards/XilinxBoardStore/boards/Xilinx/vhk158/production/1.0/board.xml as part xcvh1582-vsva3697-2mp-e-s specified in board_part file is either invalid or not available
WARNING: [Board 49-26] cannot add Board Part xilinx.com:vhk158:part0:1.1 available at C:/Xilinx/Vivado/2023.2/data/xhub/boards/XilinxBoardStore/boards/Xilinx/vhk158/production/1.1/board.xml as part xcvh1582-vsva3697-2mp-e-s specified in board_part file is either invalid or not available
WARNING: [Board 49-26] cannot add Board Part xilinx.com:vhk158_es:part0:1.0 available at C:/Xilinx/Vivado/2023.2/data/xhub/boards/XilinxBoardStore/boards/Xilinx/vhk158/es/1.0/board.xml as part xcvh1582-vsva3697-2mp-e-s-es1 specified in board_part file is either invalid or not available
WARNING: [Board 49-26] cannot add Board Part xilinx.com:vhk158_es:part0:1.1 available at C:/Xilinx/Vivado/2023.2/data/xhub/boards/XilinxBoardStore/boards/Xilinx/vhk158/es/1.1/board.xml as part xcvh1582-vsva3697-2mp-e-s-es1 specified in board_part file is either invalid or not available
WARNING: [Board 49-26] cannot add Board Part xilinx.com:vmk180:part0:2.2 available at C:/Xilinx/Vivado/2023.2/data/xhub/boards/XilinxBoardStore/boards/Xilinx/vmk180/production/2.2/board.xml as part xcvm1802-vsva2197-2mp-e-s specified in board_part file is either invalid or not available
WARNING: [Board 49-26] cannot add Board Part xilinx.com:vmk180:part0:3.0 available at C:/Xilinx/Vivado/2023.2/data/xhub/boards/XilinxBoardStore/boards/Xilinx/vmk180/production/3.0/board.xml as part xcvm1802-vsva2197-2mp-e-s specified in board_part file is either invalid or not available
WARNING: [Board 49-26] cannot add Board Part xilinx.com:vmk180:part0:3.1 available at C:/Xilinx/Vivado/2023.2/data/xhub/boards/XilinxBoardStore/boards/Xilinx/vmk180/production/3.1/board.xml as part xcvm1802-vsva2197-2mp-e-s specified in board_part file is either invalid or not available
WARNING: [Board 49-26] cannot add Board Part xilinx.com:vmk180:part0:3.2 available at C:/Xilinx/Vivado/2023.2/data/xhub/boards/XilinxBoardStore/boards/Xilinx/vmk180/production/3.2/board.xml as part xcvm1802-vsva2197-2mp-e-s specified in board_part file is either invalid or not available
WARNING: [Board 49-26] cannot add Board Part xilinx.com:vmk180_newl:part0:1.0 available at C:/Xilinx/Vivado/2023.2/data/xhub/boards/XilinxBoardStore/boards/Xilinx/vmk180_newl/production/1.0/board.xml as part xcvm1802-vsva2197-2mp-e-s specified in board_part file is either invalid or not available
WARNING: [Board 49-26] cannot add Board Part xilinx.com:vmk180_newl:part0:1.1 available at C:/Xilinx/Vivado/2023.2/data/xhub/boards/XilinxBoardStore/boards/Xilinx/vmk180_newl/production/1.1/board.xml as part xcvm1802-vsva2197-2mp-e-s specified in board_part file is either invalid or not available
WARNING: [Board 49-26] cannot add Board Part xilinx.com:vpk120:part0:1.0 available at C:/Xilinx/Vivado/2023.2/data/xhub/boards/XilinxBoardStore/boards/Xilinx/vpk120/production/1.0/board.xml as part xcvp1202-vsva2785-2mp-e-s specified in board_part file is either invalid or not available
WARNING: [Board 49-26] cannot add Board Part xilinx.com:vpk120:part0:1.1 available at C:/Xilinx/Vivado/2023.2/data/xhub/boards/XilinxBoardStore/boards/Xilinx/vpk120/production/1.1/board.xml as part xcvp1202-vsva2785-2mp-e-s specified in board_part file is either invalid or not available
WARNING: [Board 49-26] cannot add Board Part xilinx.com:vpk120:part0:1.2 available at C:/Xilinx/Vivado/2023.2/data/xhub/boards/XilinxBoardStore/boards/Xilinx/vpk120/production/1.2/board.xml as part xcvp1202-vsva2785-2mp-e-s specified in board_part file is either invalid or not available
WARNING: [Board 49-26] cannot add Board Part xilinx.com:vpk180:part0:1.0 available at C:/Xilinx/Vivado/2023.2/data/xhub/boards/XilinxBoardStore/boards/Xilinx/vpk180/production/1.0/board.xml as part xcvp1802-lsvc4072-2mp-e-s specified in board_part file is either invalid or not available
WARNING: [Board 49-26] cannot add Board Part xilinx.com:vpk180:part0:1.1 available at C:/Xilinx/Vivado/2023.2/data/xhub/boards/XilinxBoardStore/boards/Xilinx/vpk180/production/1.1/board.xml as part xcvp1802-lsvc4072-2mp-e-s specified in board_part file is either invalid or not available
WARNING: [Board 49-26] cannot add Board Part xilinx.com:zc706:part0:1.4 available at C:/Xilinx/Vivado/2023.2/data/xhub/boards/XilinxBoardStore/boards/Xilinx/zc706/1.4/board.xml as part xc7z045ffg900-2 specified in board_part file is either invalid or not available
WARNING: [Board 49-26] cannot add Board Part xilinx.com:zcu102:part0:3.3 available at C:/Xilinx/Vivado/2023.2/data/xhub/boards/XilinxBoardStore/boards/Xilinx/zcu102/3.3/board.xml as part xczu9eg-ffvb1156-2-e specified in board_part file is either invalid or not available
WARNING: [Board 49-26] cannot add Board Part xilinx.com:zcu102:part0:3.4 available at C:/Xilinx/Vivado/2023.2/data/xhub/boards/XilinxBoardStore/boards/Xilinx/zcu102/3.4/board.xml as part xczu9eg-ffvb1156-2-e specified in board_part file is either invalid or not available
WARNING: [Board 49-26] cannot add Board Part xilinx.com:zcu111:part0:1.2 available at C:/Xilinx/Vivado/2023.2/data/xhub/boards/XilinxBoardStore/boards/Xilinx/zcu111/1.2/board.xml as part xczu28dr-ffvg1517-2-e specified in board_part file is either invalid or not available
WARNING: [Board 49-26] cannot add Board Part xilinx.com:zcu111:part0:1.3 available at C:/Xilinx/Vivado/2023.2/data/xhub/boards/XilinxBoardStore/boards/Xilinx/zcu111/1.3/board.xml as part xczu28dr-ffvg1517-2-e specified in board_part file is either invalid or not available
WARNING: [Board 49-26] cannot add Board Part xilinx.com:zcu111:part0:1.4 available at C:/Xilinx/Vivado/2023.2/data/xhub/boards/XilinxBoardStore/boards/Xilinx/zcu111/1.4/board.xml as part xczu28dr-ffvg1517-2-e specified in board_part file is either invalid or not available
WARNING: [Board 49-26] cannot add Board Part xilinx.com:zcu1275:part0:1.0 available at C:/Xilinx/Vivado/2023.2/data/xhub/boards/XilinxBoardStore/boards/Xilinx/zcu1275/1.0/board.xml as part xczu29dr-ffvf1760-2-e specified in board_part file is either invalid or not available
WARNING: [Board 49-26] cannot add Board Part xilinx.com:zcu1285:part0:1.0 available at C:/Xilinx/Vivado/2023.2/data/xhub/boards/XilinxBoardStore/boards/Xilinx/zcu1285/1.0/board.xml as part xczu39dr-ffvf1760-2-i specified in board_part file is either invalid or not available
WARNING: [Board 49-26] cannot add Board Part xilinx.com:zcu208:part0:2.0 available at C:/Xilinx/Vivado/2023.2/data/xhub/boards/XilinxBoardStore/boards/Xilinx/zcu208/production/2.0/board.xml as part xczu48dr-fsvg1517-2-e specified in board_part file is either invalid or not available
WARNING: [Board 49-26] cannot add Board Part xilinx.com:zcu208ld:part0:2.0 available at C:/Xilinx/Vivado/2023.2/data/xhub/boards/XilinxBoardStore/boards/Xilinx/zcu208ld/production/2.0/board.xml as part xczu58dr-fsvg1517-2-i specified in board_part file is either invalid or not available
WARNING: [Board 49-26] cannot add Board Part xilinx.com:zcu216:part0:2.0 available at C:/Xilinx/Vivado/2023.2/data/xhub/boards/XilinxBoardStore/boards/Xilinx/zcu216/production/2.0/board.xml as part xczu49dr-ffvf1760-2-e specified in board_part file is either invalid or not available
WARNING: [Board 49-26] cannot add Board Part xilinx.com:zcu216ld:part0:2.0 available at C:/Xilinx/Vivado/2023.2/data/xhub/boards/XilinxBoardStore/boards/Xilinx/zcu216ld/production/2.0/board.xml as part xczu59dr-ffvf1760-2-i specified in board_part file is either invalid or not available
WARNING: [Board 49-26] cannot add Board Part xilinx.com:zcu670:part0:2.0 available at C:/Xilinx/Vivado/2023.2/data/xhub/boards/XilinxBoardStore/boards/Xilinx/zcu670/2.0/board.xml as part xczu67dr-fsve1156-2-i specified in board_part file is either invalid or not available
WARNING: [Board 49-26] cannot add Board Part xilinx.com:zcu670ld:part0:1.0 available at C:/Xilinx/Vivado/2023.2/data/xhub/boards/XilinxBoardStore/boards/Xilinx/zcu670ld/1.0/board.xml as part xczu57dr-fsve1156-2-i specified in board_part file is either invalid or not available
Scanning sources...
Finished scanning sources
INFO: [IP_Flow 19-234] Refreshing IP repositories
INFO: [IP_Flow 19-1704] No user IP repositories specified
INFO: [IP_Flow 19-2313] Loaded Vivado IP repository 'C:/Xilinx/Vivado/2023.2/data/ip'.
open_project: Time (s): cpu = 00:00:27 ; elapsed = 00:00:13 . Memory (MB): peak = 1470.719 ; gain = 234.957
update_compile_order -fileset sources_1
open_bd_design {C:/Users/yohan/Documents/IRIS_CubeSat/I.R.I.S. - CubeSat - Master.srcs/sources_1/bd/IRIS_Block_Design/IRIS_Block_Design.bd}
Reading block design file <C:/Users/yohan/Documents/IRIS_CubeSat/I.R.I.S. - CubeSat - Master.srcs/sources_1/bd/IRIS_Block_Design/IRIS_Block_Design.bd>...
Adding component instance block -- xilinx.com:ip:microblaze:11.0 - microblaze_0
Adding component instance block -- xilinx.com:ip:clk_wiz:6.0 - clk_wiz_0
Adding component instance block -- xilinx.com:ip:axi_uartlite:2.0 - axi_uartlite_0
Adding component instance block -- xilinx.com:ip:lmb_v10:3.0 - dlmb_v10
Adding component instance block -- xilinx.com:ip:lmb_v10:3.0 - ilmb_v10
Adding component instance block -- xilinx.com:ip:lmb_bram_if_cntlr:4.0 - dlmb_bram_if_cntlr
Adding component instance block -- xilinx.com:ip:lmb_bram_if_cntlr:4.0 - ilmb_bram_if_cntlr
Adding component instance block -- xilinx.com:ip:blk_mem_gen:8.4 - lmb_bram
Adding component instance block -- xilinx.com:ip:mdm:3.2 - mdm_1
Adding component instance block -- xilinx.com:ip:proc_sys_reset:5.0 - rst_clk_wiz_0_100M
Adding component instance block -- xilinx.com:ip:axi_interconnect:2.1 - microblaze_0_axi_periph
Adding component instance block -- xilinx.com:ip:axi_crossbar:2.1 - xbar
Adding component instance block -- xilinx.com:ip:axi_gpio:2.0 - axi_gpio_0
Adding component instance block -- xilinx.com:ip:axi_gpio:2.0 - axi_gpio_1
Adding component instance block -- xilinx.com:ip:axi_ethernet:7.2 - axi_ethernet_0
Successfully read diagram <IRIS_Block_Design> from block design file <C:/Users/yohan/Documents/IRIS_CubeSat/I.R.I.S. - CubeSat - Master.srcs/sources_1/bd/IRIS_Block_Design/IRIS_Block_Design.bd>
open_bd_design: Time (s): cpu = 00:00:14 ; elapsed = 00:00:07 . Memory (MB): peak = 1571.551 ; gain = 67.727
open_bd_design {C:/Users/yohan/Documents/IRIS_CubeSat/I.R.I.S. - CubeSat - Master.srcs/sources_1/bd/IRIS_Block_Design/IRIS_Block_Design.bd}
open_bd_design {C:/Users/yohan/Documents/IRIS_CubeSat/I.R.I.S. - CubeSat - Master.srcs/sources_1/bd/IRIS_Block_Design/IRIS_Block_Design.bd}
open_bd_design {C:/Users/yohan/Documents/IRIS_CubeSat/I.R.I.S. - CubeSat - Master.srcs/sources_1/bd/IRIS_Block_Design/IRIS_Block_Design.bd}
open_bd_design {C:/Users/yohan/Documents/IRIS_CubeSat/I.R.I.S. - CubeSat - Master.srcs/sources_1/bd/IRIS_Block_Design/IRIS_Block_Design.bd}
open_bd_design {C:/Users/yohan/Documents/IRIS_CubeSat/I.R.I.S. - CubeSat - Master.srcs/sources_1/bd/IRIS_Block_Design/IRIS_Block_Design.bd}
open_bd_design {C:/Users/yohan/Documents/IRIS_CubeSat/I.R.I.S. - CubeSat - Master.srcs/sources_1/bd/IRIS_Block_Design/IRIS_Block_Design.bd}
open_bd_design {C:/Users/yohan/Documents/IRIS_CubeSat/I.R.I.S. - CubeSat - Master.srcs/sources_1/bd/IRIS_Block_Design/IRIS_Block_Design.bd}
open_bd_design {C:/Users/yohan/Documents/IRIS_CubeSat/I.R.I.S. - CubeSat - Master.srcs/sources_1/bd/IRIS_Block_Design/IRIS_Block_Design.bd}
open_bd_design {C:/Users/yohan/Documents/IRIS_CubeSat/I.R.I.S. - CubeSat - Master.srcs/sources_1/bd/IRIS_Block_Design/IRIS_Block_Design.bd}
delete_bd_objs [get_bd_cells axi_ethernet_0]
save_bd_design
Wrote  : <C:\Users\yohan\Documents\IRIS_CubeSat\I.R.I.S. - CubeSat - Master.srcs\sources_1\bd\IRIS_Block_Design\IRIS_Block_Design.bd> 
Wrote  : <C:/Users/yohan/Documents/IRIS_CubeSat/I.R.I.S. - CubeSat - Master.srcs/sources_1/bd/IRIS_Block_Design/ui/bd_b6fdd27c.ui> 
WARNING: [IP_Flow 19-11785] File 'c:/Users/yohan/Documents/IRIS_CubeSat/I.R.I.S. - CubeSat - Master.gen/sources_1/bd/IRIS_Block_Design/ipshared/02c4/hdl/lib_srl_fifo_v1_0_rfs.vhd' is not registered in generated file cache.
WARNING: [IP_Flow 19-11785] File 'c:/Users/yohan/Documents/IRIS_CubeSat/I.R.I.S. - CubeSat - Master.gen/sources_1/bd/IRIS_Block_Design/ipshared/10ab/hdl/generic_baseblocks_v2_1_vl_rfs.v' is not registered in generated file cache.
WARNING: [IP_Flow 19-11785] File 'c:/Users/yohan/Documents/IRIS_CubeSat/I.R.I.S. - CubeSat - Master.gen/sources_1/bd/IRIS_Block_Design/ipshared/1ca4/hdl/lmb_bram_if_cntlr_v4_0_vh_rfs.vhd' is not registered in generated file cache.
WARNING: [IP_Flow 19-11785] File 'c:/Users/yohan/Documents/IRIS_CubeSat/I.R.I.S. - CubeSat - Master.gen/sources_1/bd/IRIS_Block_Design/ipshared/279e/hdl/axi_data_fifo_v2_1_vl_rfs.v' is not registered in generated file cache.
WARNING: [IP_Flow 19-11785] File 'c:/Users/yohan/Documents/IRIS_CubeSat/I.R.I.S. - CubeSat - Master.gen/sources_1/bd/IRIS_Block_Design/ipshared/347d/hdl/mdm_v3_2_vh_rfs.vhd' is not registered in generated file cache.
WARNING: [IP_Flow 19-11785] File 'c:/Users/yohan/Documents/IRIS_CubeSat/I.R.I.S. - CubeSat - Master.gen/sources_1/bd/IRIS_Block_Design/ipshared/3c0c/hdl/blk_mem_gen_v8_4_vhsyn_rfs.vhd' is not registered in generated file cache.
WARNING: [IP_Flow 19-11785] File 'c:/Users/yohan/Documents/IRIS_CubeSat/I.R.I.S. - CubeSat - Master.gen/sources_1/bd/IRIS_Block_Design/ipshared/3c0c/simulation/blk_mem_gen_v8_4.v' is not registered in generated file cache.
WARNING: [IP_Flow 19-11785] File 'c:/Users/yohan/Documents/IRIS_CubeSat/I.R.I.S. - CubeSat - Master.gen/sources_1/bd/IRIS_Block_Design/ipshared/408c/hdl/proc_sys_reset_v5_0_vh_rfs.vhd' is not registered in generated file cache.
WARNING: [IP_Flow 19-11785] File 'c:/Users/yohan/Documents/IRIS_CubeSat/I.R.I.S. - CubeSat - Master.gen/sources_1/bd/IRIS_Block_Design/ipshared/56d9/hdl/lib_pkg_v1_0_rfs.vhd' is not registered in generated file cache.
WARNING: [IP_Flow 19-11785] File 'c:/Users/yohan/Documents/IRIS_CubeSat/I.R.I.S. - CubeSat - Master.gen/sources_1/bd/IRIS_Block_Design/ipshared/66ea/hdl/axi_lite_ipif_v3_0_vh_rfs.vhd' is not registered in generated file cache.
WARNING: [IP_Flow 19-11785] File 'c:/Users/yohan/Documents/IRIS_CubeSat/I.R.I.S. - CubeSat - Master.gen/sources_1/bd/IRIS_Block_Design/ipshared/6fbe/hdl/axi_gpio_v2_0_vh_rfs.vhd' is not registered in generated file cache.
WARNING: [IP_Flow 19-11785] File 'c:/Users/yohan/Documents/IRIS_CubeSat/I.R.I.S. - CubeSat - Master.gen/sources_1/bd/IRIS_Block_Design/ipshared/ac72/hdl/fifo_generator_v13_2_rfs.v' is not registered in generated file cache.
WARNING: [IP_Flow 19-11785] File 'c:/Users/yohan/Documents/IRIS_CubeSat/I.R.I.S. - CubeSat - Master.gen/sources_1/bd/IRIS_Block_Design/ipshared/ac72/hdl/fifo_generator_v13_2_rfs.vhd' is not registered in generated file cache.
WARNING: [IP_Flow 19-11785] File 'c:/Users/yohan/Documents/IRIS_CubeSat/I.R.I.S. - CubeSat - Master.gen/sources_1/bd/IRIS_Block_Design/ipshared/ac72/hdl/fifo_generator_v13_2_vhsyn_rfs.vhd' is not registered in generated file cache.
WARNING: [IP_Flow 19-11785] File 'c:/Users/yohan/Documents/IRIS_CubeSat/I.R.I.S. - CubeSat - Master.gen/sources_1/bd/IRIS_Block_Design/ipshared/ac72/simulation/fifo_generator_vlog_beh.v' is not registered in generated file cache.
WARNING: [IP_Flow 19-11785] File 'c:/Users/yohan/Documents/IRIS_CubeSat/I.R.I.S. - CubeSat - Master.gen/sources_1/bd/IRIS_Block_Design/ipshared/ae24/hdl/lmb_v10_v3_0_vh_rfs.vhd' is not registered in generated file cache.
WARNING: [IP_Flow 19-11785] File 'c:/Users/yohan/Documents/IRIS_CubeSat/I.R.I.S. - CubeSat - Master.gen/sources_1/bd/IRIS_Block_Design/ipshared/c2c6/mmcm_pll_drp_func_7s_mmcm.vh' is not registered in generated file cache.
WARNING: [IP_Flow 19-11785] File 'c:/Users/yohan/Documents/IRIS_CubeSat/I.R.I.S. - CubeSat - Master.gen/sources_1/bd/IRIS_Block_Design/ipshared/c2c6/mmcm_pll_drp_func_7s_pll.vh' is not registered in generated file cache.
WARNING: [IP_Flow 19-11785] File 'c:/Users/yohan/Documents/IRIS_CubeSat/I.R.I.S. - CubeSat - Master.gen/sources_1/bd/IRIS_Block_Design/ipshared/c2c6/mmcm_pll_drp_func_us_mmcm.vh' is not registered in generated file cache.
WARNING: [IP_Flow 19-11785] File 'c:/Users/yohan/Documents/IRIS_CubeSat/I.R.I.S. - CubeSat - Master.gen/sources_1/bd/IRIS_Block_Design/ipshared/c2c6/mmcm_pll_drp_func_us_pll.vh' is not registered in generated file cache.
WARNING: [IP_Flow 19-11785] File 'c:/Users/yohan/Documents/IRIS_CubeSat/I.R.I.S. - CubeSat - Master.gen/sources_1/bd/IRIS_Block_Design/ipshared/c2c6/mmcm_pll_drp_func_us_plus_mmcm.vh' is not registered in generated file cache.
WARNING: [IP_Flow 19-11785] File 'c:/Users/yohan/Documents/IRIS_CubeSat/I.R.I.S. - CubeSat - Master.gen/sources_1/bd/IRIS_Block_Design/ipshared/c2c6/mmcm_pll_drp_func_us_plus_pll.vh' is not registered in generated file cache.
WARNING: [IP_Flow 19-11785] File 'c:/Users/yohan/Documents/IRIS_CubeSat/I.R.I.S. - CubeSat - Master.gen/sources_1/bd/IRIS_Block_Design/ipshared/d8cc/hdl/interrupt_control_v3_1_vh_rfs.vhd' is not registered in generated file cache.
WARNING: [IP_Flow 19-11785] File 'c:/Users/yohan/Documents/IRIS_CubeSat/I.R.I.S. - CubeSat - Master.gen/sources_1/bd/IRIS_Block_Design/ipshared/df48/hdl/axi_uartlite_v2_0_vh_rfs.vhd' is not registered in generated file cache.
WARNING: [IP_Flow 19-11785] File 'c:/Users/yohan/Documents/IRIS_CubeSat/I.R.I.S. - CubeSat - Master.gen/sources_1/bd/IRIS_Block_Design/ipshared/ec67/hdl/axi_infrastructure_v1_1_0.vh' is not registered in generated file cache.
WARNING: [IP_Flow 19-11785] File 'c:/Users/yohan/Documents/IRIS_CubeSat/I.R.I.S. - CubeSat - Master.gen/sources_1/bd/IRIS_Block_Design/ipshared/ec67/hdl/axi_infrastructure_v1_1_vl_rfs.v' is not registered in generated file cache.
WARNING: [IP_Flow 19-11785] File 'c:/Users/yohan/Documents/IRIS_CubeSat/I.R.I.S. - CubeSat - Master.gen/sources_1/bd/IRIS_Block_Design/ipshared/ef1e/hdl/lib_cdc_v1_0_rfs.vhd' is not registered in generated file cache.
WARNING: [IP_Flow 19-11785] File 'c:/Users/yohan/Documents/IRIS_CubeSat/I.R.I.S. - CubeSat - Master.gen/sources_1/bd/IRIS_Block_Design/ipshared/f557/hdl/microblaze_v11_0_vh_rfs.vhd' is not registered in generated file cache.
WARNING: [IP_Flow 19-11785] File 'c:/Users/yohan/Documents/IRIS_CubeSat/I.R.I.S. - CubeSat - Master.gen/sources_1/bd/IRIS_Block_Design/ipshared/fb47/hdl/axi_crossbar_v2_1_vl_rfs.v' is not registered in generated file cache.
WARNING: [IP_Flow 19-11785] File 'c:/Users/yohan/Documents/IRIS_CubeSat/I.R.I.S. - CubeSat - Master.gen/sources_1/bd/IRIS_Block_Design/ipshared/ff9f/hdl/axi_register_slice_v2_1_vl_rfs.v' is not registered in generated file cache.
startgroup
set_property CONFIG.C_GPIO_WIDTH {1} [get_bd_cells axi_gpio_0]
endgroup
startgroup
set_property CONFIG.C_GPIO_WIDTH {1} [get_bd_cells axi_gpio_1]
endgroup
set_property name KEY1 [get_bd_ports gpio_io_i_0]
set_property name LED1 [get_bd_ports gpio_io_o_0]
save_bd_design
Wrote  : <C:\Users\yohan\Documents\IRIS_CubeSat\I.R.I.S. - CubeSat - Master.srcs\sources_1\bd\IRIS_Block_Design\IRIS_Block_Design.bd> 
Wrote  : <C:/Users/yohan/Documents/IRIS_CubeSat/I.R.I.S. - CubeSat - Master.srcs/sources_1/bd/IRIS_Block_Design/ui/bd_b6fdd27c.ui> 
set_property name SYS_CLK_IN_P [get_bd_ports MGT_CLK0_P]
set_property name SYS_CLK_IN_N [get_bd_ports MGT_CLK0_N]
save_bd_design
Wrote  : <C:\Users\yohan\Documents\IRIS_CubeSat\I.R.I.S. - CubeSat - Master.srcs\sources_1\bd\IRIS_Block_Design\IRIS_Block_Design.bd> 
Wrote  : <C:/Users/yohan/Documents/IRIS_CubeSat/I.R.I.S. - CubeSat - Master.srcs/sources_1/bd/IRIS_Block_Design/ui/bd_b6fdd27c.ui> 
validate_bd_design
WARNING: [filemgmt 56-443] The ECC Algorithm string is empty. Setting the Memory Map to default ECC value to ECC_NONE.
INFO: [xilinx.com:ip:clk_wiz:6.0-1] /clk_wiz_0 clk_wiz propagate
save_bd_design
Wrote  : <C:\Users\yohan\Documents\IRIS_CubeSat\I.R.I.S. - CubeSat - Master.srcs\sources_1\bd\IRIS_Block_Design\IRIS_Block_Design.bd> 
Wrote  : <C:/Users/yohan/Documents/IRIS_CubeSat/I.R.I.S. - CubeSat - Master.srcs/sources_1/bd/IRIS_Block_Design/ui/bd_b6fdd27c.ui> 
