Copyright 1986-2022 Xilinx, Inc. All Rights Reserved. Copyright 2022-2023 Advanced Micro Devices, Inc. All Rights Reserved.
---------------------------------------------------------------------------------------------------------------------------------------------
| Tool Version : Vivado v.2023.2 (win64) Build 4029153 Fri Oct 13 20:14:34 MDT 2023
| Date         : Wed Jan 10 23:06:56 2024
| Host         : DESKTOP-BC6995K running 64-bit major release  (build 9200)
| Command      : report_clock_utilization -file top_clock_utilization_routed.rpt
| Design       : top
| Device       : 7a100t-fgg484
| Speed File   : -2  PRODUCTION 1.23 2018-06-13
| Design State : Routed
---------------------------------------------------------------------------------------------------------------------------------------------

Clock Utilization Report

Table of Contents
-----------------
1. Clock Primitive Utilization
2. Global Clock Resources
3. Global Clock Source Details
4. Local Clock Details
5. Clock Regions: Key Resource Utilization
6. Clock Regions : Global Clock Summary
7. Device Cell Placement Summary for Global Clock g0
8. Device Cell Placement Summary for Global Clock g1
9. Device Cell Placement Summary for Global Clock g2
10. Device Cell Placement Summary for Global Clock g3
11. Device Cell Placement Summary for Global Clock g4
12. Device Cell Placement Summary for Global Clock g5
13. Device Cell Placement Summary for Global Clock g6
14. Device Cell Placement Summary for Global Clock g7
15. Device Cell Placement Summary for Global Clock g8
16. Clock Region Cell Placement per Global Clock: Region X0Y0
17. Clock Region Cell Placement per Global Clock: Region X0Y1
18. Clock Region Cell Placement per Global Clock: Region X1Y1
19. Clock Region Cell Placement per Global Clock: Region X0Y2
20. Clock Region Cell Placement per Global Clock: Region X1Y2
21. Clock Region Cell Placement per Global Clock: Region X0Y3
22. Clock Region Cell Placement per Global Clock: Region X1Y3

1. Clock Primitive Utilization
------------------------------

+----------+------+-----------+-----+--------------+--------+
| Type     | Used | Available | LOC | Clock Region | Pblock |
+----------+------+-----------+-----+--------------+--------+
| BUFGCTRL |    8 |        32 |   0 |            0 |      0 |
| BUFH     |    1 |        96 |   0 |            0 |      0 |
| BUFIO    |    0 |        24 |   0 |            0 |      0 |
| BUFMR    |    0 |        12 |   0 |            0 |      0 |
| BUFR     |    0 |        24 |   0 |            0 |      0 |
| MMCM     |    2 |         6 |   0 |            0 |      0 |
| PLL      |    0 |         6 |   0 |            0 |      0 |
+----------+------+-----------+-----+--------------+--------+


2. Global Clock Resources
-------------------------

+-----------+-----------+-----------------+------------+----------------+--------------+-------------------+-------------+-----------------+--------------+--------------------------------------------------------------------------------------------+----------------------------------------------------------------------------+--------------------------------------------------------------------------------+
| Global Id | Source Id | Driver Type/Pin | Constraint | Site           | Clock Region | Load Clock Region | Clock Loads | Non-Clock Loads | Clock Period | Clock                                                                                      | Driver Pin                                                                 | Net                                                                            |
+-----------+-----------+-----------------+------------+----------------+--------------+-------------------+-------------+-----------------+--------------+--------------------------------------------------------------------------------------------+----------------------------------------------------------------------------+--------------------------------------------------------------------------------+
| g0        | src0      | BUFG/O          | None       | BUFGCTRL_X0Y0  | n/a          |                 4 |        2497 |               0 |        8.000 | clkout0                                                                                    | gtp_exdes_m0/gtp_support_i/gt_usrclk_source/txoutclk_mmcm0_i/clkout0_buf/O | gtp_exdes_m0/gtp_support_i/gt_usrclk_source/txoutclk_mmcm0_i/GT3_RXUSRCLK2_OUT |
| g1        | src1      | BUFG/O          | None       | BUFGCTRL_X0Y1  | n/a          |                 2 |        1331 |               0 |       10.000 | clk_out1_sys_clock                                                                         | sys_clock_m0/inst/clkout1_buf/O                                            | sys_clock_m0/inst/clk_out1                                                     |
| g2        | src2      | BUFG/O          | None       | BUFGCTRL_X0Y3  | n/a          |                 4 |         461 |               0 |       33.000 | dbg_hub/inst/BSCANID.u_xsdbm_id/SWITCH_N_EXT_BSCAN.bscan_inst/SERIES7_BSCAN.bscan_inst/TCK | dbg_hub/inst/BSCANID.u_xsdbm_id/SWITCH_N_EXT_BSCAN.u_bufg_icon_tck/O       | dbg_hub/inst/BSCANID.u_xsdbm_id/itck_i                                         |
| g3        | src3      | BUFG/O          | None       | BUFGCTRL_X0Y2  | n/a          |                 2 |         244 |               0 |        4.000 | clkout1                                                                                    | gtp_exdes_m0/gtp_support_i/gt_usrclk_source/txoutclk_mmcm0_i/clkout1_buf/O | gtp_exdes_m0/gtp_support_i/gt_usrclk_source/txoutclk_mmcm0_i/GT3_RXUSRCLK_OUT  |
| g4        | src4      | BUFG/O          | None       | BUFGCTRL_X0Y16 | n/a          |                 2 |          36 |               0 |        4.000 | gtp_exdes_m0/gtp_support_i/gtp_init_i/inst/gtp_i/gt0_gtp_i/gtpe2_i/TXOUTCLK                | gtp_exdes_m0/gtp_support_i/gtp_init_i/inst/txout0_buf/O                    | gtp_exdes_m0/gtp_support_i/gtp_init_i/inst/gt0_txoutclk_i2                     |
| g5        | src4      | BUFG/O          | None       | BUFGCTRL_X0Y17 | n/a          |                 1 |           1 |               0 |        4.000 | gtp_exdes_m0/gtp_support_i/gtp_init_i/inst/gtp_i/gt0_gtp_i/gtpe2_i/TXOUTCLK                | gtp_exdes_m0/gtp_support_i/gt_usrclk_source/txoutclk_mmcm0_i/clkin1_buf/O  | gtp_exdes_m0/gtp_support_i/gt_usrclk_source/txoutclk_mmcm0_i/clkin1            |
| g6        | src5      | BUFH/O          | None       | BUFHCE_X0Y36   | X0Y3         |                 1 |           9 |               0 |        8.000 | Q0_CLK0_GTREFCLK_PAD_P_IN                                                                  | gtp_exdes_m0/gtp_support_i/cpll_railing_pll0_q0_clk0_refclk_i/refclk_buf/O | gtp_exdes_m0/gtp_support_i/cpll_railing_pll0_q0_clk0_refclk_i/refclk_buf_n_0   |
| g7        | src6      | BUFG/O          | None       | BUFGCTRL_X0Y4  | n/a          |                 1 |           1 |               0 |              |                                                                                            | BUFG_m0/O                                                                  | bufg_sys_clk                                                                   |
| g8        | src7      | BUFG/O          | None       | BUFGCTRL_X0Y5  | n/a          |                 1 |           1 |               0 |        5.000 | clkfbout_sys_clock                                                                         | sys_clock_m0/inst/clkf_buf/O                                               | sys_clock_m0/inst/clkfbout_buf_sys_clock                                       |
+-----------+-----------+-----------------+------------+----------------+--------------+-------------------+-------------+-----------------+--------------+--------------------------------------------------------------------------------------------+----------------------------------------------------------------------------+--------------------------------------------------------------------------------+
* Clock Loads column represents cell count of net connects that connect to a clock pin. Internal cell leaf pins are not considered
** Non-Clock Loads column represents cell count of non-clock pin loads


3. Global Clock Source Details
------------------------------

+-----------+-----------+------------------------+--------------------+--------------------+--------------+-------------+-----------------+---------------------+--------------------------------------------------------------------------------------------+--------------------------------------------------------------------------------------------+-----------------------------------------------------------------------------+
| Source Id | Global Id | Driver Type/Pin        | Constraint         | Site               | Clock Region | Clock Loads | Non-Clock Loads | Source Clock Period | Source Clock                                                                               | Driver Pin                                                                                 | Net                                                                         |
+-----------+-----------+------------------------+--------------------+--------------------+--------------+-------------+-----------------+---------------------+--------------------------------------------------------------------------------------------+--------------------------------------------------------------------------------------------+-----------------------------------------------------------------------------+
| src0      | g0        | MMCME2_ADV/CLKOUT0     | None               | MMCME2_ADV_X0Y1    | X0Y1         |           1 |               0 |               8.000 | clkout0                                                                                    | gtp_exdes_m0/gtp_support_i/gt_usrclk_source/txoutclk_mmcm0_i/mmcm_adv_inst/CLKOUT0         | gtp_exdes_m0/gtp_support_i/gt_usrclk_source/txoutclk_mmcm0_i/clkout0        |
| src1      | g1        | MMCME2_ADV/CLKOUT0     | None               | MMCME2_ADV_X0Y0    | X0Y0         |           1 |               0 |              10.000 | clk_out1_sys_clock                                                                         | sys_clock_m0/inst/mmcm_adv_inst/CLKOUT0                                                    | sys_clock_m0/inst/clk_out1_sys_clock                                        |
| src2      | g2        | BSCANE2/TCK            | None               | BSCAN_X0Y0         | X0Y1         |           1 |               0 |              33.000 | dbg_hub/inst/BSCANID.u_xsdbm_id/SWITCH_N_EXT_BSCAN.bscan_inst/SERIES7_BSCAN.bscan_inst/TCK | dbg_hub/inst/BSCANID.u_xsdbm_id/SWITCH_N_EXT_BSCAN.bscan_inst/SERIES7_BSCAN.bscan_inst/TCK | dbg_hub/inst/BSCANID.u_xsdbm_id/SWITCH_N_EXT_BSCAN.bscan_inst/TCK           |
| src3      | g3        | MMCME2_ADV/CLKOUT1     | None               | MMCME2_ADV_X0Y1    | X0Y1         |           1 |               0 |               4.000 | clkout1                                                                                    | gtp_exdes_m0/gtp_support_i/gt_usrclk_source/txoutclk_mmcm0_i/mmcm_adv_inst/CLKOUT1         | gtp_exdes_m0/gtp_support_i/gt_usrclk_source/txoutclk_mmcm0_i/clkout1        |
| src4      | g4        | GTPE2_CHANNEL/TXOUTCLK | GTPE2_CHANNEL_X0Y4 | GTPE2_CHANNEL_X0Y4 | X1Y3         |           2 |               0 |               4.000 | gtp_exdes_m0/gtp_support_i/gtp_init_i/inst/gtp_i/gt0_gtp_i/gtpe2_i/TXOUTCLK                | gtp_exdes_m0/gtp_support_i/gtp_init_i/inst/gtp_i/gt0_gtp_i/gtpe2_i/TXOUTCLK                | gtp_exdes_m0/gtp_support_i/gtp_init_i/inst/gtp_i/gt0_gtp_i/gt0_txoutclk_out |
| src4      | g5        | GTPE2_CHANNEL/TXOUTCLK | GTPE2_CHANNEL_X0Y4 | GTPE2_CHANNEL_X0Y4 | X1Y3         |           2 |               0 |               4.000 | gtp_exdes_m0/gtp_support_i/gtp_init_i/inst/gtp_i/gt0_gtp_i/gtpe2_i/TXOUTCLK                | gtp_exdes_m0/gtp_support_i/gtp_init_i/inst/gtp_i/gt0_gtp_i/gtpe2_i/TXOUTCLK                | gtp_exdes_m0/gtp_support_i/gtp_init_i/inst/gtp_i/gt0_gtp_i/gt0_txoutclk_out |
| src5      | g6        | IBUFDS_GTE2/O          | IBUFDS_GTE2_X0Y2   | IBUFDS_GTE2_X0Y2   | X1Y3         |           2 |               0 |               8.000 | Q0_CLK0_GTREFCLK_PAD_P_IN                                                                  | gtp_exdes_m0/gtp_support_i/gt_usrclk_source/ibufds_instQ0_CLK0/O                           | gtp_exdes_m0/gtp_support_i/gt_usrclk_source/Q0_CLK0_GTREFCLK_OUT            |
| src6      | g7        | IBUFDS/O               | IOB_X1Y74          | IOB_X1Y74          | X1Y1         |           1 |               0 |                     |                                                                                            | IBUFDS_m0/O                                                                                | ibuf_sys_clk                                                                |
| src7      | g8        | MMCME2_ADV/CLKFBOUT    | None               | MMCME2_ADV_X0Y0    | X0Y0         |           1 |               0 |               5.000 | clkfbout_sys_clock                                                                         | sys_clock_m0/inst/mmcm_adv_inst/CLKFBOUT                                                   | sys_clock_m0/inst/clkfbout_sys_clock                                        |
+-----------+-----------+------------------------+--------------------+--------------------+--------------+-------------+-----------------+---------------------+--------------------------------------------------------------------------------------------+--------------------------------------------------------------------------------------------+-----------------------------------------------------------------------------+
* Clock Loads column represents cell count of net connects that connect to a clock pin. Internal cell leaf pins are not considered
** Non-Clock Loads column represents cell count of non-clock pin loads


4. Local Clock Details
----------------------

+----------+-------------------------+------------+--------------------------------+--------------+-------------+-----------------+--------------+-------+----------------------------------------------------------------+--------------------------------------------------------+
| Local Id | Driver Type/Pin         | Constraint | Site/BEL                       | Clock Region | Clock Loads | Non-Clock Loads | Clock Period | Clock | Driver Pin                                                     | Net                                                    |
+----------+-------------------------+------------+--------------------------------+--------------+-------------+-----------------+--------------+-------+----------------------------------------------------------------+--------------------------------------------------------+
| 0        | GTPE2_COMMON/PLL0OUTCLK | None       | GTPE2_COMMON_X0Y1/GTPE2_COMMON | X1Y3         |           4 |               0 |              |       | gtp_exdes_m0/gtp_support_i/common0_i/gtpe2_common_i/PLL0OUTCLK | gtp_exdes_m0/gtp_support_i/common0_i/gt0_pll0outclk_in |
| 1        | GTPE2_COMMON/PLL1OUTCLK | None       | GTPE2_COMMON_X0Y1/GTPE2_COMMON | X1Y3         |           4 |               0 |              |       | gtp_exdes_m0/gtp_support_i/common0_i/gtpe2_common_i/PLL1OUTCLK | gtp_exdes_m0/gtp_support_i/common0_i/gt0_pll1outclk_in |
+----------+-------------------------+------------+--------------------------------+--------------+-------------+-----------------+--------------+-------+----------------------------------------------------------------+--------------------------------------------------------+
* Local Clocks in this context represents only clocks driven by non-global buffers
** Clock Loads column represents cell count of net connects that connect to a clock pin. Internal cell leaf pins are not considered
*** Non-Clock Loads column represents cell count of non-clock pin loads


5. Clock Regions: Key Resource Utilization
------------------------------------------

+-------------------+--------------+--------------+--------------+--------------+--------------+--------------+--------------+--------------+--------------+--------------+--------------+--------------+--------------+--------------+--------------+
|                   | Global Clock |     BUFRs    |    BUFMRs    |    BUFIOs    |     MMCM     |      PLL     |      GT      |      PCI     |    ILOGIC    |    OLOGIC    |      FF      |     LUTM     |    RAMB18    |    RAMB36    |    DSP48E2   |
+-------------------+------+-------+------+-------+------+-------+------+-------+------+-------+------+-------+------+-------+------+-------+------+-------+------+-------+------+-------+------+-------+------+-------+------+-------+------+-------+
| Clock Region Name | Used | Avail | Used | Avail | Used | Avail | Used | Avail | Used | Avail | Used | Avail | Used | Avail | Used | Avail | Used | Avail | Used | Avail | Used | Avail | Used | Avail | Used | Avail | Used | Avail | Used | Avail |
+-------------------+------+-------+------+-------+------+-------+------+-------+------+-------+------+-------+------+-------+------+-------+------+-------+------+-------+------+-------+------+-------+------+-------+------+-------+------+-------+
| X0Y0              |    2 |    12 |    0 |     4 |    0 |     2 |    0 |     4 |    1 |     1 |    0 |     1 |    0 |     0 |    0 |     0 |    0 |    50 |    0 |    50 |    0 |  2600 |    0 |   600 |    0 |    20 |    0 |    10 |    0 |    20 |
| X1Y0              |    0 |    12 |    0 |     0 |    0 |     0 |    0 |     0 |    0 |     0 |    0 |     0 |    0 |     4 |    0 |     0 |    0 |     0 |    0 |     0 |    0 |  1500 |    0 |   550 |    0 |    40 |    0 |    20 |    0 |    40 |
| X0Y1              |    1 |    12 |    0 |     4 |    0 |     2 |    0 |     4 |    1 |     1 |    0 |     1 |    0 |     0 |    0 |     0 |    0 |    50 |    0 |    50 |    0 |  2000 |    0 |   600 |    0 |    20 |    0 |    10 |    0 |    20 |
| X1Y1              |    1 |    12 |    0 |     4 |    0 |     2 |    0 |     4 |    0 |     1 |    0 |     1 |    0 |     0 |    0 |     0 |    0 |    50 |    0 |    50 |    6 |  1900 |    4 |   650 |    0 |    60 |    0 |    30 |    0 |    40 |
| X0Y2              |    2 |    12 |    0 |     4 |    0 |     2 |    0 |     4 |    0 |     1 |    0 |     1 |    0 |     0 |    0 |     0 |    0 |    50 |    0 |    50 |  322 |  2000 |   85 |   600 |    0 |    20 |    0 |    10 |    0 |    20 |
| X1Y2              |    5 |    12 |    0 |     4 |    0 |     2 |    0 |     4 |    0 |     1 |    0 |     1 |    0 |     0 |    0 |     0 |    0 |    50 |    0 |    50 | 2290 |  1900 |  994 |   650 |    0 |    60 |   14 |    30 |    0 |    40 |
| X0Y3              |    2 |    12 |    0 |     4 |    0 |     2 |    0 |     4 |    0 |     1 |    0 |     1 |    0 |     0 |    0 |     0 |    0 |    50 |    0 |    50 |    8 |  2600 |   10 |   600 |    0 |    20 |    0 |    10 |    0 |    20 |
| X1Y3              |    5 |    12 |    0 |     0 |    0 |     0 |    0 |     0 |    0 |     0 |    0 |     0 |    4 |     4 |    0 |     1 |    0 |     0 |    0 |     0 | 1663 |  1350 |  757 |   500 |    0 |    30 |    0 |    15 |    0 |    40 |
+-------------------+------+-------+------+-------+------+-------+------+-------+------+-------+------+-------+------+-------+------+-------+------+-------+------+-------+------+-------+------+-------+------+-------+------+-------+------+-------+
* Global Clock column represents track count; while other columns represents cell counts


6. Clock Regions : Global Clock Summary
---------------------------------------

All Modules
+----+----+----+
|    | X0 | X1 |
+----+----+----+
| Y3 |  0 |  0 |
| Y2 |  0 |  0 |
| Y1 |  0 |  0 |
| Y0 |  0 |  0 |
+----+----+----+


7. Device Cell Placement Summary for Global Clock g0
----------------------------------------------------

+-----------+-----------------+-------------------+---------+-------------+---------------+-------------+----------+----------------+----------+--------------------------------------------------------------------------------+
| Global Id | Driver Type/Pin | Driver Region (D) | Clock   | Period (ns) | Waveform (ns) | Slice Loads | IO Loads | Clocking Loads | GT Loads | Net                                                                            |
+-----------+-----------------+-------------------+---------+-------------+---------------+-------------+----------+----------------+----------+--------------------------------------------------------------------------------+
| g0        | BUFG/O          | n/a               | clkout0 |       8.000 | {0.000 4.000} |        2398 |        0 |              0 |        4 | gtp_exdes_m0/gtp_support_i/gt_usrclk_source/txoutclk_mmcm0_i/GT3_RXUSRCLK2_OUT |
+-----------+-----------------+-------------------+---------+-------------+---------------+-------------+----------+----------------+----------+--------------------------------------------------------------------------------+
* Slice Loads column represents load cell count of all cell types other than IO, GT and clock resources
** IO Loads column represents load cell count of IO types
*** Clocking Loads column represents load cell count that are clock resources (global clock buffer, MMCM, PLL, etc)
**** GT Loads column represents load cell count of GT types


+----+------+-------+-----------------------+
|    | X0   | X1    | HORIZONTAL PROG DELAY |
+----+------+-------+-----------------------+
| Y3 |    0 |   156 |                     0 |
| Y2 |  247 |  1993 |                     0 |
| Y1 |    0 |     6 |                     0 |
| Y0 |    0 |     0 |                     - |
+----+------+-------+-----------------------+


8. Device Cell Placement Summary for Global Clock g1
----------------------------------------------------

+-----------+-----------------+-------------------+--------------------+-------------+---------------+-------------+----------+----------------+----------+----------------------------+
| Global Id | Driver Type/Pin | Driver Region (D) | Clock              | Period (ns) | Waveform (ns) | Slice Loads | IO Loads | Clocking Loads | GT Loads | Net                        |
+-----------+-----------------+-------------------+--------------------+-------------+---------------+-------------+----------+----------------+----------+----------------------------+
| g1        | BUFG/O          | n/a               | clk_out1_sys_clock |      10.000 | {0.000 5.000} |        1326 |        0 |              0 |        5 | sys_clock_m0/inst/clk_out1 |
+-----------+-----------------+-------------------+--------------------+-------------+---------------+-------------+----------+----------------+----------+----------------------------+
* Slice Loads column represents load cell count of all cell types other than IO, GT and clock resources
** IO Loads column represents load cell count of IO types
*** Clocking Loads column represents load cell count that are clock resources (global clock buffer, MMCM, PLL, etc)
**** GT Loads column represents load cell count of GT types


+----+----+-------+-----------------------+
|    | X0 | X1    | HORIZONTAL PROG DELAY |
+----+----+-------+-----------------------+
| Y3 |  0 |  1099 |                     0 |
| Y2 |  0 |   232 |                     0 |
| Y1 |  0 |     0 |                     - |
| Y0 |  0 |     0 |                     - |
+----+----+-------+-----------------------+


9. Device Cell Placement Summary for Global Clock g2
----------------------------------------------------

+-----------+-----------------+-------------------+--------------------------------------------------------------------------------------------+-------------+----------------+-------------+----------+----------------+----------+----------------------------------------+
| Global Id | Driver Type/Pin | Driver Region (D) | Clock                                                                                      | Period (ns) | Waveform (ns)  | Slice Loads | IO Loads | Clocking Loads | GT Loads | Net                                    |
+-----------+-----------------+-------------------+--------------------------------------------------------------------------------------------+-------------+----------------+-------------+----------+----------------+----------+----------------------------------------+
| g2        | BUFG/O          | n/a               | dbg_hub/inst/BSCANID.u_xsdbm_id/SWITCH_N_EXT_BSCAN.bscan_inst/SERIES7_BSCAN.bscan_inst/TCK |      33.000 | {0.000 16.500} |         458 |        0 |              0 |        0 | dbg_hub/inst/BSCANID.u_xsdbm_id/itck_i |
+-----------+-----------------+-------------------+--------------------------------------------------------------------------------------------+-------------+----------------+-------------+----------+----------------+----------+----------------------------------------+
* Slice Loads column represents load cell count of all cell types other than IO, GT and clock resources
** IO Loads column represents load cell count of IO types
*** Clocking Loads column represents load cell count that are clock resources (global clock buffer, MMCM, PLL, etc)
**** GT Loads column represents load cell count of GT types


+----+-----+------+-----------------------+
|    | X0  | X1   | HORIZONTAL PROG DELAY |
+----+-----+------+-----------------------+
| Y3 |   6 |  210 |                     0 |
| Y2 |  75 |  167 |                     0 |
| Y1 |   0 |    0 |                     - |
| Y0 |   0 |    0 |                     - |
+----+-----+------+-----------------------+


10. Device Cell Placement Summary for Global Clock g3
-----------------------------------------------------

+-----------+-----------------+-------------------+---------+-------------+---------------+-------------+----------+----------------+----------+-------------------------------------------------------------------------------+
| Global Id | Driver Type/Pin | Driver Region (D) | Clock   | Period (ns) | Waveform (ns) | Slice Loads | IO Loads | Clocking Loads | GT Loads | Net                                                                           |
+-----------+-----------------+-------------------+---------+-------------+---------------+-------------+----------+----------------+----------+-------------------------------------------------------------------------------+
| g3        | BUFG/O          | n/a               | clkout1 |       4.000 | {0.000 2.000} |         240 |        0 |              0 |        4 | gtp_exdes_m0/gtp_support_i/gt_usrclk_source/txoutclk_mmcm0_i/GT3_RXUSRCLK_OUT |
+-----------+-----------------+-------------------+---------+-------------+---------------+-------------+----------+----------------+----------+-------------------------------------------------------------------------------+
* Slice Loads column represents load cell count of all cell types other than IO, GT and clock resources
** IO Loads column represents load cell count of IO types
*** Clocking Loads column represents load cell count that are clock resources (global clock buffer, MMCM, PLL, etc)
**** GT Loads column represents load cell count of GT types


+----+----+------+-----------------------+
|    | X0 | X1   | HORIZONTAL PROG DELAY |
+----+----+------+-----------------------+
| Y3 |  0 |  184 |                     0 |
| Y2 |  0 |   60 |                     0 |
| Y1 |  0 |    0 |                     - |
| Y0 |  0 |    0 |                     - |
+----+----+------+-----------------------+


11. Device Cell Placement Summary for Global Clock g4
-----------------------------------------------------

+-----------+-----------------+-------------------+-----------------------------------------------------------------------------+-------------+---------------+-------------+----------+----------------+----------+------------------------------------------------------------+
| Global Id | Driver Type/Pin | Driver Region (D) | Clock                                                                       | Period (ns) | Waveform (ns) | Slice Loads | IO Loads | Clocking Loads | GT Loads | Net                                                        |
+-----------+-----------------+-------------------+-----------------------------------------------------------------------------+-------------+---------------+-------------+----------+----------------+----------+------------------------------------------------------------+
| g4        | BUFG/O          | n/a               | gtp_exdes_m0/gtp_support_i/gtp_init_i/inst/gtp_i/gt0_gtp_i/gtpe2_i/TXOUTCLK |       4.000 | {0.000 2.000} |          36 |        0 |              0 |        0 | gtp_exdes_m0/gtp_support_i/gtp_init_i/inst/gt0_txoutclk_i2 |
+-----------+-----------------+-------------------+-----------------------------------------------------------------------------+-------------+---------------+-------------+----------+----------------+----------+------------------------------------------------------------+
* Slice Loads column represents load cell count of all cell types other than IO, GT and clock resources
** IO Loads column represents load cell count of IO types
*** Clocking Loads column represents load cell count that are clock resources (global clock buffer, MMCM, PLL, etc)
**** GT Loads column represents load cell count of GT types


+----+----+-----+-----------------------+
|    | X0 | X1  | HORIZONTAL PROG DELAY |
+----+----+-----+-----------------------+
| Y3 |  0 |  27 |                     0 |
| Y2 |  0 |   9 |                     0 |
| Y1 |  0 |   0 |                     - |
| Y0 |  0 |   0 |                     - |
+----+----+-----+-----------------------+


12. Device Cell Placement Summary for Global Clock g5
-----------------------------------------------------

+-----------+-----------------+-------------------+-----------------------------------------------------------------------------+-------------+---------------+-------------+----------+----------------+----------+---------------------------------------------------------------------+
| Global Id | Driver Type/Pin | Driver Region (D) | Clock                                                                       | Period (ns) | Waveform (ns) | Slice Loads | IO Loads | Clocking Loads | GT Loads | Net                                                                 |
+-----------+-----------------+-------------------+-----------------------------------------------------------------------------+-------------+---------------+-------------+----------+----------------+----------+---------------------------------------------------------------------+
| g5        | BUFG/O          | n/a               | gtp_exdes_m0/gtp_support_i/gtp_init_i/inst/gtp_i/gt0_gtp_i/gtpe2_i/TXOUTCLK |       4.000 | {0.000 2.000} |           0 |        0 |              1 |        0 | gtp_exdes_m0/gtp_support_i/gt_usrclk_source/txoutclk_mmcm0_i/clkin1 |
+-----------+-----------------+-------------------+-----------------------------------------------------------------------------+-------------+---------------+-------------+----------+----------------+----------+---------------------------------------------------------------------+
* Slice Loads column represents load cell count of all cell types other than IO, GT and clock resources
** IO Loads column represents load cell count of IO types
*** Clocking Loads column represents load cell count that are clock resources (global clock buffer, MMCM, PLL, etc)
**** GT Loads column represents load cell count of GT types


+----+----+----+-----------------------+
|    | X0 | X1 | HORIZONTAL PROG DELAY |
+----+----+----+-----------------------+
| Y3 |  0 |  0 |                     - |
| Y2 |  0 |  0 |                     - |
| Y1 |  1 |  0 |                     0 |
| Y0 |  0 |  0 |                     - |
+----+----+----+-----------------------+


13. Device Cell Placement Summary for Global Clock g6
-----------------------------------------------------

+-----------+-----------------+-------------------+---------------------------+-------------+---------------+-------------+----------+----------------+----------+------------------------------------------------------------------------------+
| Global Id | Driver Type/Pin | Driver Region (D) | Clock                     | Period (ns) | Waveform (ns) | Slice Loads | IO Loads | Clocking Loads | GT Loads | Net                                                                          |
+-----------+-----------------+-------------------+---------------------------+-------------+---------------+-------------+----------+----------------+----------+------------------------------------------------------------------------------+
| g6        | BUFH/O          | X0Y3              | Q0_CLK0_GTREFCLK_PAD_P_IN |       8.000 | {0.000 4.000} |           9 |        0 |              0 |        0 | gtp_exdes_m0/gtp_support_i/cpll_railing_pll0_q0_clk0_refclk_i/refclk_buf_n_0 |
+-----------+-----------------+-------------------+---------------------------+-------------+---------------+-------------+----------+----------------+----------+------------------------------------------------------------------------------+
* Slice Loads column represents load cell count of all cell types other than IO, GT and clock resources
** IO Loads column represents load cell count of IO types
*** Clocking Loads column represents load cell count that are clock resources (global clock buffer, MMCM, PLL, etc)
**** GT Loads column represents load cell count of GT types


+----+--------+----+-----------------------+
|    | X0     | X1 | HORIZONTAL PROG DELAY |
+----+--------+----+-----------------------+
| Y3 |  (D) 9 |  0 |                     0 |
| Y2 |      0 |  0 |                     - |
| Y1 |      0 |  0 |                     - |
| Y0 |      0 |  0 |                     - |
+----+--------+----+-----------------------+


14. Device Cell Placement Summary for Global Clock g7
-----------------------------------------------------

+-----------+-----------------+-------------------+-------+-------------+---------------+-------------+----------+----------------+----------+--------------+
| Global Id | Driver Type/Pin | Driver Region (D) | Clock | Period (ns) | Waveform (ns) | Slice Loads | IO Loads | Clocking Loads | GT Loads | Net          |
+-----------+-----------------+-------------------+-------+-------------+---------------+-------------+----------+----------------+----------+--------------+
| g7        | BUFG/O          | n/a               |       |             |               |           0 |        0 |              1 |        0 | bufg_sys_clk |
+-----------+-----------------+-------------------+-------+-------------+---------------+-------------+----------+----------------+----------+--------------+
* Slice Loads column represents load cell count of all cell types other than IO, GT and clock resources
** IO Loads column represents load cell count of IO types
*** Clocking Loads column represents load cell count that are clock resources (global clock buffer, MMCM, PLL, etc)
**** GT Loads column represents load cell count of GT types


+----+----+----+-----------------------+
|    | X0 | X1 | HORIZONTAL PROG DELAY |
+----+----+----+-----------------------+
| Y3 |  0 |  0 |                     - |
| Y2 |  0 |  0 |                     - |
| Y1 |  0 |  0 |                     - |
| Y0 |  1 |  0 |                     0 |
+----+----+----+-----------------------+


15. Device Cell Placement Summary for Global Clock g8
-----------------------------------------------------

+-----------+-----------------+-------------------+--------------------+-------------+---------------+-------------+----------+----------------+----------+------------------------------------------+
| Global Id | Driver Type/Pin | Driver Region (D) | Clock              | Period (ns) | Waveform (ns) | Slice Loads | IO Loads | Clocking Loads | GT Loads | Net                                      |
+-----------+-----------------+-------------------+--------------------+-------------+---------------+-------------+----------+----------------+----------+------------------------------------------+
| g8        | BUFG/O          | n/a               | clkfbout_sys_clock |       5.000 | {0.000 2.500} |           0 |        0 |              1 |        0 | sys_clock_m0/inst/clkfbout_buf_sys_clock |
+-----------+-----------------+-------------------+--------------------+-------------+---------------+-------------+----------+----------------+----------+------------------------------------------+
* Slice Loads column represents load cell count of all cell types other than IO, GT and clock resources
** IO Loads column represents load cell count of IO types
*** Clocking Loads column represents load cell count that are clock resources (global clock buffer, MMCM, PLL, etc)
**** GT Loads column represents load cell count of GT types


+----+----+----+-----------------------+
|    | X0 | X1 | HORIZONTAL PROG DELAY |
+----+----+----+-----------------------+
| Y3 |  0 |  0 |                     - |
| Y2 |  0 |  0 |                     - |
| Y1 |  0 |  0 |                     - |
| Y0 |  1 |  0 |                     0 |
+----+----+----+-----------------------+


16. Clock Region Cell Placement per Global Clock: Region X0Y0
-------------------------------------------------------------

+-----------+-------+-----------------+------------+-------------+-----------------+----+-------------+------+-----+----+------+-----+---------+------------------------------------------+
| Global Id | Track | Driver Type/Pin | Constraint | Clock Loads | Non-Clock Loads | FF | Memory LUTs | RAMB | DSP | GT | MMCM | PLL | Hard IP | Net                                      |
+-----------+-------+-----------------+------------+-------------+-----------------+----+-------------+------+-----+----+------+-----+---------+------------------------------------------+
| g7        | n/a   | BUFG/O          | None       |           1 |               0 |  0 |           0 |    0 |   0 |  0 |    1 |   0 |       0 | bufg_sys_clk                             |
| g8        | n/a   | BUFG/O          | None       |           1 |               0 |  0 |           0 |    0 |   0 |  0 |    1 |   0 |       0 | sys_clock_m0/inst/clkfbout_buf_sys_clock |
+-----------+-------+-----------------+------------+-------------+-----------------+----+-------------+------+-----+----+------+-----+---------+------------------------------------------+
* Clock Loads column represents cell count of net connects that connect to a clock pin. Internal cell leaf pins are not considered
** Non-Clock Loads column represents cell count of non-clock pin loads
*** Columns FF, LUTRAM, RAMB through 'Hard IP' represents load cell counts


17. Clock Region Cell Placement per Global Clock: Region X0Y1
-------------------------------------------------------------

+-----------+-------+-----------------+------------+-------------+-----------------+----+-------------+------+-----+----+------+-----+---------+---------------------------------------------------------------------+
| Global Id | Track | Driver Type/Pin | Constraint | Clock Loads | Non-Clock Loads | FF | Memory LUTs | RAMB | DSP | GT | MMCM | PLL | Hard IP | Net                                                                 |
+-----------+-------+-----------------+------------+-------------+-----------------+----+-------------+------+-----+----+------+-----+---------+---------------------------------------------------------------------+
| g5        | n/a   | BUFG/O          | None       |           1 |               0 |  0 |           0 |    0 |   0 |  0 |    1 |   0 |       0 | gtp_exdes_m0/gtp_support_i/gt_usrclk_source/txoutclk_mmcm0_i/clkin1 |
+-----------+-------+-----------------+------------+-------------+-----------------+----+-------------+------+-----+----+------+-----+---------+---------------------------------------------------------------------+
* Clock Loads column represents cell count of net connects that connect to a clock pin. Internal cell leaf pins are not considered
** Non-Clock Loads column represents cell count of non-clock pin loads
*** Columns FF, LUTRAM, RAMB through 'Hard IP' represents load cell counts


18. Clock Region Cell Placement per Global Clock: Region X1Y1
-------------------------------------------------------------

+-----------+-------+-----------------+------------+-------------+-----------------+----+-------------+------+-----+----+------+-----+---------+--------------------------------------------------------------------------------+
| Global Id | Track | Driver Type/Pin | Constraint | Clock Loads | Non-Clock Loads | FF | Memory LUTs | RAMB | DSP | GT | MMCM | PLL | Hard IP | Net                                                                            |
+-----------+-------+-----------------+------------+-------------+-----------------+----+-------------+------+-----+----+------+-----+---------+--------------------------------------------------------------------------------+
| g0        | n/a   | BUFG/O          | None       |           6 |               0 |  6 |           0 |    0 |   0 |  0 |    0 |   0 |       0 | gtp_exdes_m0/gtp_support_i/gt_usrclk_source/txoutclk_mmcm0_i/GT3_RXUSRCLK2_OUT |
+-----------+-------+-----------------+------------+-------------+-----------------+----+-------------+------+-----+----+------+-----+---------+--------------------------------------------------------------------------------+
* Clock Loads column represents cell count of net connects that connect to a clock pin. Internal cell leaf pins are not considered
** Non-Clock Loads column represents cell count of non-clock pin loads
*** Columns FF, LUTRAM, RAMB through 'Hard IP' represents load cell counts


19. Clock Region Cell Placement per Global Clock: Region X0Y2
-------------------------------------------------------------

+-----------+-------+-----------------+------------+-------------+-----------------+-----+-------------+------+-----+----+------+-----+---------+--------------------------------------------------------------------------------+
| Global Id | Track | Driver Type/Pin | Constraint | Clock Loads | Non-Clock Loads | FF  | Memory LUTs | RAMB | DSP | GT | MMCM | PLL | Hard IP | Net                                                                            |
+-----------+-------+-----------------+------------+-------------+-----------------+-----+-------------+------+-----+----+------+-----+---------+--------------------------------------------------------------------------------+
| g0        | n/a   | BUFG/O          | None       |         247 |               0 | 247 |           0 |    0 |   0 |  0 |    0 |   0 |       0 | gtp_exdes_m0/gtp_support_i/gt_usrclk_source/txoutclk_mmcm0_i/GT3_RXUSRCLK2_OUT |
| g2        | n/a   | BUFG/O          | None       |          75 |               0 |  75 |           0 |    0 |   0 |  0 |    0 |   0 |       0 | dbg_hub/inst/BSCANID.u_xsdbm_id/itck_i                                         |
+-----------+-------+-----------------+------------+-------------+-----------------+-----+-------------+------+-----+----+------+-----+---------+--------------------------------------------------------------------------------+
* Clock Loads column represents cell count of net connects that connect to a clock pin. Internal cell leaf pins are not considered
** Non-Clock Loads column represents cell count of non-clock pin loads
*** Columns FF, LUTRAM, RAMB through 'Hard IP' represents load cell counts


20. Clock Region Cell Placement per Global Clock: Region X1Y2
-------------------------------------------------------------

+-----------+-------+-----------------+------------+-------------+-----------------+------+-------------+------+-----+----+------+-----+---------+--------------------------------------------------------------------------------+
| Global Id | Track | Driver Type/Pin | Constraint | Clock Loads | Non-Clock Loads | FF   | Memory LUTs | RAMB | DSP | GT | MMCM | PLL | Hard IP | Net                                                                            |
+-----------+-------+-----------------+------------+-------------+-----------------+------+-------------+------+-----+----+------+-----+---------+--------------------------------------------------------------------------------+
| g0        | n/a   | BUFG/O          | None       |        1993 |               0 | 1822 |         156 |   14 |   0 |  0 |    0 |   0 |       0 | gtp_exdes_m0/gtp_support_i/gt_usrclk_source/txoutclk_mmcm0_i/GT3_RXUSRCLK2_OUT |
| g1        | n/a   | BUFG/O          | None       |         232 |               0 |  232 |           0 |    0 |   0 |  0 |    0 |   0 |       0 | sys_clock_m0/inst/clk_out1                                                     |
| g2        | n/a   | BUFG/O          | None       |         167 |               0 |  167 |           0 |    0 |   0 |  0 |    0 |   0 |       0 | dbg_hub/inst/BSCANID.u_xsdbm_id/itck_i                                         |
| g3        | n/a   | BUFG/O          | None       |          60 |               0 |   60 |           0 |    0 |   0 |  0 |    0 |   0 |       0 | gtp_exdes_m0/gtp_support_i/gt_usrclk_source/txoutclk_mmcm0_i/GT3_RXUSRCLK_OUT  |
| g4        | n/a   | BUFG/O          | None       |           9 |               0 |    9 |           0 |    0 |   0 |  0 |    0 |   0 |       0 | gtp_exdes_m0/gtp_support_i/gtp_init_i/inst/gt0_txoutclk_i2                     |
+-----------+-------+-----------------+------------+-------------+-----------------+------+-------------+------+-----+----+------+-----+---------+--------------------------------------------------------------------------------+
* Clock Loads column represents cell count of net connects that connect to a clock pin. Internal cell leaf pins are not considered
** Non-Clock Loads column represents cell count of non-clock pin loads
*** Columns FF, LUTRAM, RAMB through 'Hard IP' represents load cell counts


21. Clock Region Cell Placement per Global Clock: Region X0Y3
-------------------------------------------------------------

+-----------+-------+-----------------+------------+-------------+-----------------+----+-------------+------+-----+----+------+-----+---------+------------------------------------------------------------------------------+
| Global Id | Track | Driver Type/Pin | Constraint | Clock Loads | Non-Clock Loads | FF | Memory LUTs | RAMB | DSP | GT | MMCM | PLL | Hard IP | Net                                                                          |
+-----------+-------+-----------------+------------+-------------+-----------------+----+-------------+------+-----+----+------+-----+---------+------------------------------------------------------------------------------+
| g2        | n/a   | BUFG/O          | None       |           6 |               0 |  6 |           0 |    0 |   0 |  0 |    0 |   0 |       0 | dbg_hub/inst/BSCANID.u_xsdbm_id/itck_i                                       |
| g6        | n/a   | BUFH/O          | None       |           9 |               0 |  2 |           7 |    0 |   0 |  0 |    0 |   0 |       0 | gtp_exdes_m0/gtp_support_i/cpll_railing_pll0_q0_clk0_refclk_i/refclk_buf_n_0 |
+-----------+-------+-----------------+------------+-------------+-----------------+----+-------------+------+-----+----+------+-----+---------+------------------------------------------------------------------------------+
* Clock Loads column represents cell count of net connects that connect to a clock pin. Internal cell leaf pins are not considered
** Non-Clock Loads column represents cell count of non-clock pin loads
*** Columns FF, LUTRAM, RAMB through 'Hard IP' represents load cell counts


22. Clock Region Cell Placement per Global Clock: Region X1Y3
-------------------------------------------------------------

+-----------+-------+-----------------+------------+-------------+-----------------+------+-------------+------+-----+----+------+-----+---------+--------------------------------------------------------------------------------+
| Global Id | Track | Driver Type/Pin | Constraint | Clock Loads | Non-Clock Loads | FF   | Memory LUTs | RAMB | DSP | GT | MMCM | PLL | Hard IP | Net                                                                            |
+-----------+-------+-----------------+------------+-------------+-----------------+------+-------------+------+-----+----+------+-----+---------+--------------------------------------------------------------------------------+
| g0        | n/a   | BUFG/O          | None       |         156 |               0 |  152 |           0 |    0 |   0 |  4 |    0 |   0 |       0 | gtp_exdes_m0/gtp_support_i/gt_usrclk_source/txoutclk_mmcm0_i/GT3_RXUSRCLK2_OUT |
| g1        | n/a   | BUFG/O          | None       |        1099 |               0 | 1094 |           0 |    0 |   0 |  4 |    0 |   0 |       0 | sys_clock_m0/inst/clk_out1                                                     |
| g2        | n/a   | BUFG/O          | None       |         210 |               0 |  210 |           0 |    0 |   0 |  0 |    0 |   0 |       0 | dbg_hub/inst/BSCANID.u_xsdbm_id/itck_i                                         |
| g3        | n/a   | BUFG/O          | None       |         184 |               0 |  180 |           0 |    0 |   0 |  4 |    0 |   0 |       0 | gtp_exdes_m0/gtp_support_i/gt_usrclk_source/txoutclk_mmcm0_i/GT3_RXUSRCLK_OUT  |
| g4        | n/a   | BUFG/O          | None       |          27 |               0 |   27 |           0 |    0 |   0 |  0 |    0 |   0 |       0 | gtp_exdes_m0/gtp_support_i/gtp_init_i/inst/gt0_txoutclk_i2                     |
+-----------+-------+-----------------+------------+-------------+-----------------+------+-------------+------+-----+----+------+-----+---------+--------------------------------------------------------------------------------+
* Clock Loads column represents cell count of net connects that connect to a clock pin. Internal cell leaf pins are not considered
** Non-Clock Loads column represents cell count of non-clock pin loads
*** Columns FF, LUTRAM, RAMB through 'Hard IP' represents load cell counts



# Location of BUFG Primitives 
set_property LOC BUFGCTRL_X0Y5 [get_cells sys_clock_m0/inst/clkf_buf]
set_property LOC BUFGCTRL_X0Y1 [get_cells sys_clock_m0/inst/clkout1_buf]
set_property LOC BUFGCTRL_X0Y16 [get_cells gtp_exdes_m0/gtp_support_i/gtp_init_i/inst/txout0_buf]
set_property LOC BUFGCTRL_X0Y17 [get_cells gtp_exdes_m0/gtp_support_i/gt_usrclk_source/txoutclk_mmcm0_i/clkin1_buf]
set_property LOC BUFGCTRL_X0Y2 [get_cells gtp_exdes_m0/gtp_support_i/gt_usrclk_source/txoutclk_mmcm0_i/clkout1_buf]
set_property LOC BUFGCTRL_X0Y0 [get_cells gtp_exdes_m0/gtp_support_i/gt_usrclk_source/txoutclk_mmcm0_i/clkout0_buf]
set_property LOC BUFGCTRL_X0Y3 [get_cells dbg_hub/inst/BSCANID.u_xsdbm_id/SWITCH_N_EXT_BSCAN.u_bufg_icon_tck]
set_property LOC BUFGCTRL_X0Y4 [get_cells BUFG_m0]

# Location of BUFH Primitives 
set_property LOC BUFHCE_X0Y36 [get_cells gtp_exdes_m0/gtp_support_i/cpll_railing_pll0_q0_clk0_refclk_i/refclk_buf]

# Location of IO Primitives which is load of clock spine

# Location of clock ports
set_property LOC IPAD_X1Y45 [get_ports Q0_CLK0_GTREFCLK_PAD_N_IN]
set_property LOC IPAD_X1Y44 [get_ports Q0_CLK0_GTREFCLK_PAD_P_IN]
set_property LOC IOB_X1Y73 [get_ports SYS_CLK_IN_N]
set_property LOC IOB_X1Y74 [get_ports SYS_CLK_IN_P]

# Clock net "sys_clock_m0/inst/clk_out1" driven by instance "sys_clock_m0/inst/clkout1_buf" located at site "BUFGCTRL_X0Y1"
#startgroup
create_pblock {CLKAG_sys_clock_m0/inst/clk_out1}
add_cells_to_pblock [get_pblocks  {CLKAG_sys_clock_m0/inst/clk_out1}] [get_cells -filter { PRIMITIVE_GROUP != I/O && IS_PRIMITIVE==1 && PRIMITIVE_LEVEL !=INTERNAL } -of_object [get_pins -filter {DIRECTION==IN} -of_objects [get_nets -hierarchical -filter {PARENT=="sys_clock_m0/inst/clk_out1"}]]]
resize_pblock [get_pblocks {CLKAG_sys_clock_m0/inst/clk_out1}] -add {CLOCKREGION_X1Y2:CLOCKREGION_X1Y2 CLOCKREGION_X1Y3:CLOCKREGION_X1Y3}
#endgroup

# Clock net "gtp_exdes_m0/gtp_support_i/gtp_init_i/inst/gt0_txoutclk_i2" driven by instance "gtp_exdes_m0/gtp_support_i/gtp_init_i/inst/txout0_buf" located at site "BUFGCTRL_X0Y16"
#startgroup
create_pblock {CLKAG_gtp_exdes_m0/gtp_support_i/gtp_init_i/inst/gt0_txoutclk_i2}
add_cells_to_pblock [get_pblocks  {CLKAG_gtp_exdes_m0/gtp_support_i/gtp_init_i/inst/gt0_txoutclk_i2}] [get_cells -filter { PRIMITIVE_GROUP != I/O && IS_PRIMITIVE==1 && PRIMITIVE_LEVEL !=INTERNAL } -of_object [get_pins -filter {DIRECTION==IN} -of_objects [get_nets -hierarchical -filter {PARENT=="gtp_exdes_m0/gtp_support_i/gtp_init_i/inst/gt0_txoutclk_i2"}]]]
resize_pblock [get_pblocks {CLKAG_gtp_exdes_m0/gtp_support_i/gtp_init_i/inst/gt0_txoutclk_i2}] -add {CLOCKREGION_X1Y2:CLOCKREGION_X1Y2 CLOCKREGION_X1Y3:CLOCKREGION_X1Y3}
#endgroup

# Clock net "gtp_exdes_m0/gtp_support_i/gt_usrclk_source/txoutclk_mmcm0_i/GT3_RXUSRCLK_OUT" driven by instance "gtp_exdes_m0/gtp_support_i/gt_usrclk_source/txoutclk_mmcm0_i/clkout1_buf" located at site "BUFGCTRL_X0Y2"
#startgroup
create_pblock {CLKAG_gtp_exdes_m0/gtp_support_i/gt_usrclk_source/txoutclk_mmcm0_i/GT3_RXUSRCLK_OUT}
add_cells_to_pblock [get_pblocks  {CLKAG_gtp_exdes_m0/gtp_support_i/gt_usrclk_source/txoutclk_mmcm0_i/GT3_RXUSRCLK_OUT}] [get_cells -filter { PRIMITIVE_GROUP != I/O && IS_PRIMITIVE==1 && PRIMITIVE_LEVEL !=INTERNAL } -of_object [get_pins -filter {DIRECTION==IN} -of_objects [get_nets -hierarchical -filter {PARENT=="gtp_exdes_m0/gtp_support_i/gt_usrclk_source/txoutclk_mmcm0_i/GT3_RXUSRCLK_OUT"}]]]
resize_pblock [get_pblocks {CLKAG_gtp_exdes_m0/gtp_support_i/gt_usrclk_source/txoutclk_mmcm0_i/GT3_RXUSRCLK_OUT}] -add {CLOCKREGION_X1Y2:CLOCKREGION_X1Y2 CLOCKREGION_X1Y3:CLOCKREGION_X1Y3}
#endgroup

# Clock net "gtp_exdes_m0/gtp_support_i/gt_usrclk_source/txoutclk_mmcm0_i/GT3_RXUSRCLK2_OUT" driven by instance "gtp_exdes_m0/gtp_support_i/gt_usrclk_source/txoutclk_mmcm0_i/clkout0_buf" located at site "BUFGCTRL_X0Y0"
#startgroup
create_pblock {CLKAG_gtp_exdes_m0/gtp_support_i/gt_usrclk_source/txoutclk_mmcm0_i/GT3_RXUSRCLK2_OUT}
add_cells_to_pblock [get_pblocks  {CLKAG_gtp_exdes_m0/gtp_support_i/gt_usrclk_source/txoutclk_mmcm0_i/GT3_RXUSRCLK2_OUT}] [get_cells -filter { PRIMITIVE_GROUP != I/O && IS_PRIMITIVE==1 && PRIMITIVE_LEVEL !=INTERNAL } -of_object [get_pins -filter {DIRECTION==IN} -of_objects [get_nets -hierarchical -filter {PARENT=="gtp_exdes_m0/gtp_support_i/gt_usrclk_source/txoutclk_mmcm0_i/GT3_RXUSRCLK2_OUT"}]]]
resize_pblock [get_pblocks {CLKAG_gtp_exdes_m0/gtp_support_i/gt_usrclk_source/txoutclk_mmcm0_i/GT3_RXUSRCLK2_OUT}] -add {CLOCKREGION_X0Y2:CLOCKREGION_X0Y2 CLOCKREGION_X1Y1:CLOCKREGION_X1Y1 CLOCKREGION_X1Y2:CLOCKREGION_X1Y2 CLOCKREGION_X1Y3:CLOCKREGION_X1Y3}
#endgroup

# Clock net "gtp_exdes_m0/gtp_support_i/cpll_railing_pll0_q0_clk0_refclk_i/refclk_buf_n_0" driven by instance "gtp_exdes_m0/gtp_support_i/cpll_railing_pll0_q0_clk0_refclk_i/refclk_buf" located at site "BUFHCE_X0Y36"
#startgroup
create_pblock {CLKAG_gtp_exdes_m0/gtp_support_i/cpll_railing_pll0_q0_clk0_refclk_i/refclk_buf_n_0}
add_cells_to_pblock [get_pblocks  {CLKAG_gtp_exdes_m0/gtp_support_i/cpll_railing_pll0_q0_clk0_refclk_i/refclk_buf_n_0}] [get_cells -filter { PRIMITIVE_GROUP != I/O && IS_PRIMITIVE==1 && PRIMITIVE_LEVEL !=INTERNAL } -of_object [get_pins -filter {DIRECTION==IN} -of_objects [get_nets -hierarchical -filter {PARENT=="gtp_exdes_m0/gtp_support_i/cpll_railing_pll0_q0_clk0_refclk_i/refclk_buf_n_0"}]]]
resize_pblock [get_pblocks {CLKAG_gtp_exdes_m0/gtp_support_i/cpll_railing_pll0_q0_clk0_refclk_i/refclk_buf_n_0}] -add {CLOCKREGION_X0Y3:CLOCKREGION_X0Y3}
#endgroup

# Clock net "dbg_hub/inst/BSCANID.u_xsdbm_id/itck_i" driven by instance "dbg_hub/inst/BSCANID.u_xsdbm_id/SWITCH_N_EXT_BSCAN.u_bufg_icon_tck" located at site "BUFGCTRL_X0Y3"
#startgroup
create_pblock {CLKAG_dbg_hub/inst/BSCANID.u_xsdbm_id/itck_i}
add_cells_to_pblock [get_pblocks  {CLKAG_dbg_hub/inst/BSCANID.u_xsdbm_id/itck_i}] [get_cells -filter { PRIMITIVE_GROUP != I/O && IS_PRIMITIVE==1 && PRIMITIVE_LEVEL !=INTERNAL } -of_object [get_pins -filter {DIRECTION==IN} -of_objects [get_nets -hierarchical -filter {PARENT=="dbg_hub/inst/BSCANID.u_xsdbm_id/itck_i"}]]]
resize_pblock [get_pblocks {CLKAG_dbg_hub/inst/BSCANID.u_xsdbm_id/itck_i}] -add {CLOCKREGION_X0Y2:CLOCKREGION_X0Y2 CLOCKREGION_X0Y3:CLOCKREGION_X0Y3 CLOCKREGION_X1Y2:CLOCKREGION_X1Y2 CLOCKREGION_X1Y3:CLOCKREGION_X1Y3}
#endgroup
