
*** Running vivado
    with args -log IRIS_Block_Design_mdm_1_0.vds -m64 -product Vivado -mode batch -messageDb vivado.pb -notrace -source IRIS_Block_Design_mdm_1_0.tcl


Commande ECHO d‚sactiv‚e.
Commande ECHO d‚sactiv‚e.

****** Vivado v2023.2 (64-bit)
  **** SW Build 4029153 on Fri Oct 13 20:14:34 MDT 2023
  **** IP Build 4028589 on Sat Oct 14 00:45:43 MDT 2023
  **** SharedData Build 4025554 on Tue Oct 10 17:18:54 MDT 2023
    ** Copyright 1986-2022 Xilinx, Inc. All Rights Reserved.
    ** Copyright 2022-2023 Advanced Micro Devices, Inc. All Rights Reserved.

source IRIS_Block_Design_mdm_1_0.tcl -notrace
create_project: Time (s): cpu = 00:00:06 ; elapsed = 00:00:11 . Memory (MB): peak = 472.887 ; gain = 176.426
INFO: [IP_Flow 19-6924] IPCACHE: Running cache check for IP inst: IRIS_Block_Design_mdm_1_0
Command: synth_design -top IRIS_Block_Design_mdm_1_0 -part xc7a100tfgg484-2 -incremental_mode off -mode out_of_context
Starting synth_design
Attempting to get a license for feature 'Synthesis' and/or device 'xc7a100t'
INFO: [Common 17-349] Got license for feature 'Synthesis' and/or device 'xc7a100t'
INFO: [Device 21-403] Loading part xc7a100tfgg484-2
INFO: [Synth 8-7079] Multithreading enabled for synth_design using a maximum of 2 processes.
INFO: [Synth 8-7078] Launching helper process for spawning children vivado processes
INFO: [Synth 8-7075] Helper process launched with PID 19988
---------------------------------------------------------------------------------
Starting RTL Elaboration : Time (s): cpu = 00:00:07 ; elapsed = 00:00:10 . Memory (MB): peak = 1342.180 ; gain = 439.133
---------------------------------------------------------------------------------
INFO: [Synth 8-638] synthesizing module 'IRIS_Block_Design_mdm_1_0' [c:/Users/yohan/Documents/IRIS_CubeSat/I.R.I.S. - CubeSat - Master.gen/sources_1/bd/IRIS_Block_Design/ip/IRIS_Block_Design_mdm_1_0/synth/IRIS_Block_Design_mdm_1_0.vhd:74]
	Parameter C_FAMILY bound to: artix7 - type: string 
	Parameter C_DEVICE bound to: xc7a100t - type: string 
	Parameter C_REVISION bound to: (null) - type: string 
	Parameter C_JTAG_CHAIN bound to: 2 - type: integer 
	Parameter C_USE_BSCAN bound to: 0 - type: integer 
	Parameter C_BSCANID bound to: 76547328 - type: integer 
	Parameter C_DEBUG_INTERFACE bound to: 0 - type: integer 
	Parameter C_USE_CONFIG_RESET bound to: 0 - type: integer 
	Parameter C_AVOID_PRIMITIVES bound to: 0 - type: integer 
	Parameter C_INTERCONNECT bound to: 2 - type: integer 
	Parameter C_MB_DBG_PORTS bound to: 1 - type: integer 
	Parameter C_USE_UART bound to: 0 - type: integer 
	Parameter C_DBG_REG_ACCESS bound to: 0 - type: integer 
	Parameter C_DBG_MEM_ACCESS bound to: 0 - type: integer 
	Parameter C_USE_CROSS_TRIGGER bound to: 0 - type: integer 
	Parameter C_EXT_TRIG_RESET_VALUE bound to: 20'b11110001001000110100 
	Parameter C_TRACE_OUTPUT bound to: 0 - type: integer 
	Parameter C_TRACE_DATA_WIDTH bound to: 32 - type: integer 
	Parameter C_TRACE_CLK_FREQ_HZ bound to: 200000000 - type: integer 
	Parameter C_TRACE_CLK_OUT_PHASE bound to: 90 - type: integer 
	Parameter C_TRACE_ASYNC_RESET bound to: 0 - type: integer 
	Parameter C_TRACE_PROTOCOL bound to: 1 - type: integer 
	Parameter C_TRACE_ID bound to: 110 - type: integer 
	Parameter C_S_AXI_ADDR_WIDTH bound to: 4 - type: integer 
	Parameter C_S_AXI_DATA_WIDTH bound to: 32 - type: integer 
	Parameter C_S_AXI_ACLK_FREQ_HZ bound to: 100000000 - type: integer 
	Parameter C_M_AXI_ADDR_WIDTH bound to: 32 - type: integer 
	Parameter C_M_AXI_DATA_WIDTH bound to: 32 - type: integer 
	Parameter C_M_AXI_THREAD_ID_WIDTH bound to: 1 - type: integer 
	Parameter C_ADDR_SIZE bound to: 32 - type: integer 
	Parameter C_DATA_SIZE bound to: 32 - type: integer 
	Parameter C_LMB_PROTOCOL bound to: 0 - type: integer 
	Parameter C_M_AXIS_DATA_WIDTH bound to: 32 - type: integer 
	Parameter C_M_AXIS_ID_WIDTH bound to: 7 - type: integer 
INFO: [Synth 8-3491] module 'MDM' declared at 'c:/Users/yohan/Documents/IRIS_CubeSat/I.R.I.S. - CubeSat - Master.gen/sources_1/bd/IRIS_Block_Design/ipshared/347d/hdl/mdm_v3_2_vh_rfs.vhd:12681' bound to instance 'U0' of component 'MDM' [c:/Users/yohan/Documents/IRIS_CubeSat/I.R.I.S. - CubeSat - Master.gen/sources_1/bd/IRIS_Block_Design/ip/IRIS_Block_Design_mdm_1_0/synth/IRIS_Block_Design_mdm_1_0.vhd:1657]
INFO: [Synth 8-638] synthesizing module 'MDM' [c:/Users/yohan/Documents/IRIS_CubeSat/I.R.I.S. - CubeSat - Master.gen/sources_1/bd/IRIS_Block_Design/ipshared/347d/hdl/mdm_v3_2_vh_rfs.vhd:14365]
	Parameter C_TARGET bound to: 2 - type: integer 
	Parameter DISABLE_JTAG bound to: FALSE - type: string 
	Parameter JTAG_CHAIN bound to: 2 - type: integer 
INFO: [Synth 8-3491] module 'MB_BSCANE2' declared at 'c:/Users/yohan/Documents/IRIS_CubeSat/I.R.I.S. - CubeSat - Master.gen/sources_1/bd/IRIS_Block_Design/ipshared/347d/hdl/mdm_v3_2_vh_rfs.vhd:327' bound to instance 'BSCAN_I' of component 'MB_BSCANE2' [c:/Users/yohan/Documents/IRIS_CubeSat/I.R.I.S. - CubeSat - Master.gen/sources_1/bd/IRIS_Block_Design/ipshared/347d/hdl/mdm_v3_2_vh_rfs.vhd:15982]
INFO: [Synth 8-638] synthesizing module 'MB_BSCANE2' [c:/Users/yohan/Documents/IRIS_CubeSat/I.R.I.S. - CubeSat - Master.gen/sources_1/bd/IRIS_Block_Design/ipshared/347d/hdl/mdm_v3_2_vh_rfs.vhd:351]
	Parameter DISABLE_JTAG bound to: FALSE - type: string 
	Parameter JTAG_CHAIN bound to: 2 - type: integer 
INFO: [Synth 8-113] binding component instance 'BSCANE2_I' to cell 'BSCANE2' [c:/Users/yohan/Documents/IRIS_CubeSat/I.R.I.S. - CubeSat - Master.gen/sources_1/bd/IRIS_Block_Design/ipshared/347d/hdl/mdm_v3_2_vh_rfs.vhd:361]
INFO: [Synth 8-256] done synthesizing module 'MB_BSCANE2' (0#1) [c:/Users/yohan/Documents/IRIS_CubeSat/I.R.I.S. - CubeSat - Master.gen/sources_1/bd/IRIS_Block_Design/ipshared/347d/hdl/mdm_v3_2_vh_rfs.vhd:351]
	Parameter C_TARGET bound to: 2 - type: integer 
	Parameter INIT bound to: 2'b10 
INFO: [Synth 8-3491] module 'MB_LUT1' declared at 'c:/Users/yohan/Documents/IRIS_CubeSat/I.R.I.S. - CubeSat - Master.gen/sources_1/bd/IRIS_Block_Design/ipshared/347d/hdl/mdm_v3_2_vh_rfs.vhd:1540' bound to instance 'LUT1_I' of component 'MB_LUT1' [c:/Users/yohan/Documents/IRIS_CubeSat/I.R.I.S. - CubeSat - Master.gen/sources_1/bd/IRIS_Block_Design/ipshared/347d/hdl/mdm_v3_2_vh_rfs.vhd:16000]
INFO: [Synth 8-638] synthesizing module 'MB_LUT1' [c:/Users/yohan/Documents/IRIS_CubeSat/I.R.I.S. - CubeSat - Master.gen/sources_1/bd/IRIS_Block_Design/ipshared/347d/hdl/mdm_v3_2_vh_rfs.vhd:1554]
	Parameter INIT bound to: 2'b10 
INFO: [Synth 8-113] binding component instance 'Native' to cell 'LUT1' [c:/Users/yohan/Documents/IRIS_CubeSat/I.R.I.S. - CubeSat - Master.gen/sources_1/bd/IRIS_Block_Design/ipshared/347d/hdl/mdm_v3_2_vh_rfs.vhd:1576]
INFO: [Synth 8-256] done synthesizing module 'MB_LUT1' (0#1) [c:/Users/yohan/Documents/IRIS_CubeSat/I.R.I.S. - CubeSat - Master.gen/sources_1/bd/IRIS_Block_Design/ipshared/347d/hdl/mdm_v3_2_vh_rfs.vhd:1554]
	Parameter C_TARGET bound to: 2 - type: integer 
INFO: [Synth 8-3491] module 'MB_BUFG' declared at 'c:/Users/yohan/Documents/IRIS_CubeSat/I.R.I.S. - CubeSat - Master.gen/sources_1/bd/IRIS_Block_Design/ipshared/347d/hdl/mdm_v3_2_vh_rfs.vhd:389' bound to instance 'BUFG_DRCK' of component 'MB_BUFG' [c:/Users/yohan/Documents/IRIS_CubeSat/I.R.I.S. - CubeSat - Master.gen/sources_1/bd/IRIS_Block_Design/ipshared/347d/hdl/mdm_v3_2_vh_rfs.vhd:16521]
INFO: [Synth 8-638] synthesizing module 'MB_BUFG' [c:/Users/yohan/Documents/IRIS_CubeSat/I.R.I.S. - CubeSat - Master.gen/sources_1/bd/IRIS_Block_Design/ipshared/347d/hdl/mdm_v3_2_vh_rfs.vhd:402]
INFO: [Synth 8-113] binding component instance 'Native' to cell 'BUFG' [c:/Users/yohan/Documents/IRIS_CubeSat/I.R.I.S. - CubeSat - Master.gen/sources_1/bd/IRIS_Block_Design/ipshared/347d/hdl/mdm_v3_2_vh_rfs.vhd:412]
INFO: [Synth 8-256] done synthesizing module 'MB_BUFG' (0#1) [c:/Users/yohan/Documents/IRIS_CubeSat/I.R.I.S. - CubeSat - Master.gen/sources_1/bd/IRIS_Block_Design/ipshared/347d/hdl/mdm_v3_2_vh_rfs.vhd:402]
	Parameter C_TARGET bound to: 2 - type: integer 
	Parameter C_JTAG_CHAIN bound to: 2 - type: integer 
	Parameter C_USE_BSCAN bound to: 0 - type: integer 
	Parameter C_USE_CONFIG_RESET bound to: 0 - type: integer 
	Parameter C_USE_SRL16 bound to: yes - type: string 
	Parameter C_DEBUG_INTERFACE bound to: 0 - type: integer 
	Parameter C_MB_DBG_PORTS bound to: 1 - type: integer 
	Parameter C_EN_WIDTH bound to: 1 - type: integer 
	Parameter C_DBG_REG_ACCESS bound to: 0 - type: integer 
	Parameter C_REG_NUM_CE bound to: 4 - type: integer 
	Parameter C_REG_DATA_WIDTH bound to: 8 - type: integer 
	Parameter C_DBG_MEM_ACCESS bound to: 0 - type: integer 
	Parameter C_S_AXI_ADDR_WIDTH bound to: 4 - type: integer 
	Parameter C_S_AXI_ACLK_FREQ_HZ bound to: 100000000 - type: integer 
	Parameter C_M_AXI_ADDR_WIDTH bound to: 32 - type: integer 
	Parameter C_M_AXI_DATA_WIDTH bound to: 32 - type: integer 
	Parameter C_USE_CROSS_TRIGGER bound to: 0 - type: integer 
	Parameter C_EXT_TRIG_RESET_VALUE bound to: 20'b11110001001000110100 
	Parameter C_USE_UART bound to: 0 - type: integer 
	Parameter C_UART_WIDTH bound to: 8 - type: integer 
	Parameter C_TRACE_OUTPUT bound to: 0 - type: integer 
	Parameter C_TRACE_DATA_WIDTH bound to: 32 - type: integer 
	Parameter C_TRACE_ASYNC_RESET bound to: 0 - type: integer 
	Parameter C_TRACE_CLK_FREQ_HZ bound to: 200000000 - type: integer 
	Parameter C_TRACE_CLK_OUT_PHASE bound to: 90 - type: integer 
	Parameter C_TRACE_PROTOCOL bound to: 1 - type: integer 
	Parameter C_TRACE_ID bound to: 110 - type: integer 
	Parameter C_M_AXIS_DATA_WIDTH bound to: 32 - type: integer 
	Parameter C_M_AXIS_ID_WIDTH bound to: 7 - type: integer 
INFO: [Synth 8-3491] module 'MDM_Core' declared at 'c:/Users/yohan/Documents/IRIS_CubeSat/I.R.I.S. - CubeSat - Master.gen/sources_1/bd/IRIS_Block_Design/ipshared/347d/hdl/mdm_v3_2_vh_rfs.vhd:5800' bound to instance 'MDM_Core_I1' of component 'MDM_Core' [c:/Users/yohan/Documents/IRIS_CubeSat/I.R.I.S. - CubeSat - Master.gen/sources_1/bd/IRIS_Block_Design/ipshared/347d/hdl/mdm_v3_2_vh_rfs.vhd:16619]
INFO: [Synth 8-638] synthesizing module 'MDM_Core' [c:/Users/yohan/Documents/IRIS_CubeSat/I.R.I.S. - CubeSat - Master.gen/sources_1/bd/IRIS_Block_Design/ipshared/347d/hdl/mdm_v3_2_vh_rfs.vhd:7037]
INFO: [Synth 8-3491] module 'xil_scan_reset_control' declared at 'c:/Users/yohan/Documents/IRIS_CubeSat/I.R.I.S. - CubeSat - Master.gen/sources_1/bd/IRIS_Block_Design/ipshared/347d/hdl/mdm_v3_2_vh_rfs.vhd:303' bound to instance 'config_scan_reset_i' of component 'xil_scan_reset_control' [c:/Users/yohan/Documents/IRIS_CubeSat/I.R.I.S. - CubeSat - Master.gen/sources_1/bd/IRIS_Block_Design/ipshared/347d/hdl/mdm_v3_2_vh_rfs.vhd:7720]
INFO: [Synth 8-638] synthesizing module 'xil_scan_reset_control' [c:/Users/yohan/Documents/IRIS_CubeSat/I.R.I.S. - CubeSat - Master.gen/sources_1/bd/IRIS_Block_Design/ipshared/347d/hdl/mdm_v3_2_vh_rfs.vhd:312]
INFO: [Synth 8-256] done synthesizing module 'xil_scan_reset_control' (0#1) [c:/Users/yohan/Documents/IRIS_CubeSat/I.R.I.S. - CubeSat - Master.gen/sources_1/bd/IRIS_Block_Design/ipshared/347d/hdl/mdm_v3_2_vh_rfs.vhd:312]
INFO: [Synth 8-3491] module 'xil_scan_reset_control' declared at 'c:/Users/yohan/Documents/IRIS_CubeSat/I.R.I.S. - CubeSat - Master.gen/sources_1/bd/IRIS_Block_Design/ipshared/347d/hdl/mdm_v3_2_vh_rfs.vhd:303' bound to instance 'sel_n_reset_i' of component 'xil_scan_reset_control' [c:/Users/yohan/Documents/IRIS_CubeSat/I.R.I.S. - CubeSat - Master.gen/sources_1/bd/IRIS_Block_Design/ipshared/347d/hdl/mdm_v3_2_vh_rfs.vhd:7730]
INFO: [Synth 8-3491] module 'xil_scan_reset_control' declared at 'c:/Users/yohan/Documents/IRIS_CubeSat/I.R.I.S. - CubeSat - Master.gen/sources_1/bd/IRIS_Block_Design/ipshared/347d/hdl/mdm_v3_2_vh_rfs.vhd:303' bound to instance 'shift_n_reset_i' of component 'xil_scan_reset_control' [c:/Users/yohan/Documents/IRIS_CubeSat/I.R.I.S. - CubeSat - Master.gen/sources_1/bd/IRIS_Block_Design/ipshared/347d/hdl/mdm_v3_2_vh_rfs.vhd:7740]
	Parameter C_TARGET bound to: 2 - type: integer 
	Parameter C_USE_BSCAN bound to: 0 - type: integer 
	Parameter C_MB_DBG_PORTS bound to: 1 - type: integer 
	Parameter C_USE_CONFIG_RESET bound to: 0 - type: integer 
	Parameter C_USE_SRL16 bound to: yes - type: string 
	Parameter C_DEBUG_INTERFACE bound to: 0 - type: integer 
	Parameter C_DBG_REG_ACCESS bound to: 0 - type: integer 
	Parameter C_DBG_MEM_ACCESS bound to: 0 - type: integer 
	Parameter C_M_AXI_ADDR_WIDTH bound to: 32 - type: integer 
	Parameter C_M_AXI_DATA_WIDTH bound to: 32 - type: integer 
	Parameter C_USE_CROSS_TRIGGER bound to: 0 - type: integer 
	Parameter C_EXT_TRIG_RESET_VALUE bound to: 20'b11110001001000110100 
	Parameter C_USE_UART bound to: 0 - type: integer 
	Parameter C_UART_WIDTH bound to: 8 - type: integer 
	Parameter C_TRACE_OUTPUT bound to: 0 - type: integer 
	Parameter C_TRACE_PROTOCOL bound to: 1 - type: integer 
	Parameter C_EN_WIDTH bound to: 1 - type: integer 
INFO: [Synth 8-3491] module 'JTAG_CONTROL' declared at 'c:/Users/yohan/Documents/IRIS_CubeSat/I.R.I.S. - CubeSat - Master.gen/sources_1/bd/IRIS_Block_Design/ipshared/347d/hdl/mdm_v3_2_vh_rfs.vhd:3084' bound to instance 'JTAG_CONTROL_I' of component 'JTAG_CONTROL' [c:/Users/yohan/Documents/IRIS_CubeSat/I.R.I.S. - CubeSat - Master.gen/sources_1/bd/IRIS_Block_Design/ipshared/347d/hdl/mdm_v3_2_vh_rfs.vhd:10431]
INFO: [Synth 8-638] synthesizing module 'JTAG_CONTROL' [c:/Users/yohan/Documents/IRIS_CubeSat/I.R.I.S. - CubeSat - Master.gen/sources_1/bd/IRIS_Block_Design/ipshared/347d/hdl/mdm_v3_2_vh_rfs.vhd:3357]
INFO: [Synth 8-3491] module 'xil_scan_reset_control' declared at 'c:/Users/yohan/Documents/IRIS_CubeSat/I.R.I.S. - CubeSat - Master.gen/sources_1/bd/IRIS_Block_Design/ipshared/347d/hdl/mdm_v3_2_vh_rfs.vhd:303' bound to instance 'config_with_scan_reset_i' of component 'xil_scan_reset_control' [c:/Users/yohan/Documents/IRIS_CubeSat/I.R.I.S. - CubeSat - Master.gen/sources_1/bd/IRIS_Block_Design/ipshared/347d/hdl/mdm_v3_2_vh_rfs.vhd:3666]
INFO: [Synth 8-3491] module 'xil_scan_reset_control' declared at 'c:/Users/yohan/Documents/IRIS_CubeSat/I.R.I.S. - CubeSat - Master.gen/sources_1/bd/IRIS_Block_Design/ipshared/347d/hdl/mdm_v3_2_vh_rfs.vhd:303' bound to instance 'sel_with_scan_reset_i' of component 'xil_scan_reset_control' [c:/Users/yohan/Documents/IRIS_CubeSat/I.R.I.S. - CubeSat - Master.gen/sources_1/bd/IRIS_Block_Design/ipshared/347d/hdl/mdm_v3_2_vh_rfs.vhd:3674]
	Parameter C_TARGET bound to: 2 - type: integer 
INFO: [Synth 8-3491] module 'MB_FDC_1' declared at 'c:/Users/yohan/Documents/IRIS_CubeSat/I.R.I.S. - CubeSat - Master.gen/sources_1/bd/IRIS_Block_Design/ipshared/347d/hdl/mdm_v3_2_vh_rfs.vhd:753' bound to instance 'FDC_I' of component 'MB_FDC_1' [c:/Users/yohan/Documents/IRIS_CubeSat/I.R.I.S. - CubeSat - Master.gen/sources_1/bd/IRIS_Block_Design/ipshared/347d/hdl/mdm_v3_2_vh_rfs.vhd:3731]
INFO: [Synth 8-638] synthesizing module 'MB_FDC_1' [c:/Users/yohan/Documents/IRIS_CubeSat/I.R.I.S. - CubeSat - Master.gen/sources_1/bd/IRIS_Block_Design/ipshared/347d/hdl/mdm_v3_2_vh_rfs.vhd:769]
	Parameter INIT bound to: 1'b0 
INFO: [Synth 8-113] binding component instance 'Native' to cell 'FDC_1' [c:/Users/yohan/Documents/IRIS_CubeSat/I.R.I.S. - CubeSat - Master.gen/sources_1/bd/IRIS_Block_Design/ipshared/347d/hdl/mdm_v3_2_vh_rfs.vhd:790]
INFO: [Synth 8-256] done synthesizing module 'MB_FDC_1' (0#1) [c:/Users/yohan/Documents/IRIS_CubeSat/I.R.I.S. - CubeSat - Master.gen/sources_1/bd/IRIS_Block_Design/ipshared/347d/hdl/mdm_v3_2_vh_rfs.vhd:769]
	Parameter C_TARGET bound to: 2 - type: integer 
INFO: [Synth 8-3491] module 'MB_FDRE_1' declared at 'c:/Users/yohan/Documents/IRIS_CubeSat/I.R.I.S. - CubeSat - Master.gen/sources_1/bd/IRIS_Block_Design/ipshared/347d/hdl/mdm_v3_2_vh_rfs.vhd:812' bound to instance 'SYNC_FDRE' of component 'MB_FDRE_1' [c:/Users/yohan/Documents/IRIS_CubeSat/I.R.I.S. - CubeSat - Master.gen/sources_1/bd/IRIS_Block_Design/ipshared/347d/hdl/mdm_v3_2_vh_rfs.vhd:3741]
INFO: [Synth 8-638] synthesizing module 'MB_FDRE_1' [c:/Users/yohan/Documents/IRIS_CubeSat/I.R.I.S. - CubeSat - Master.gen/sources_1/bd/IRIS_Block_Design/ipshared/347d/hdl/mdm_v3_2_vh_rfs.vhd:829]
	Parameter INIT bound to: 1'b0 
INFO: [Synth 8-113] binding component instance 'Native' to cell 'FDRE_1' [c:/Users/yohan/Documents/IRIS_CubeSat/I.R.I.S. - CubeSat - Master.gen/sources_1/bd/IRIS_Block_Design/ipshared/347d/hdl/mdm_v3_2_vh_rfs.vhd:852]
INFO: [Synth 8-256] done synthesizing module 'MB_FDRE_1' (0#1) [c:/Users/yohan/Documents/IRIS_CubeSat/I.R.I.S. - CubeSat - Master.gen/sources_1/bd/IRIS_Block_Design/ipshared/347d/hdl/mdm_v3_2_vh_rfs.vhd:829]
	Parameter C_TARGET bound to: 2 - type: integer 
	Parameter C_STATIC bound to: 1 - type: bool 
	Parameter C_USE_SRL16 bound to: yes - type: string 
	Parameter INIT bound to: 16'b0000000101100111 
INFO: [Synth 8-3491] module 'MB_SRL16E' declared at 'c:/Users/yohan/Documents/IRIS_CubeSat/I.R.I.S. - CubeSat - Master.gen/sources_1/bd/IRIS_Block_Design/ipshared/347d/hdl/mdm_v3_2_vh_rfs.vhd:875' bound to instance 'SRL16E_1' of component 'MB_SRL16E' [c:/Users/yohan/Documents/IRIS_CubeSat/I.R.I.S. - CubeSat - Master.gen/sources_1/bd/IRIS_Block_Design/ipshared/347d/hdl/mdm_v3_2_vh_rfs.vhd:3935]
INFO: [Synth 8-638] synthesizing module 'MB_SRL16E' [c:/Users/yohan/Documents/IRIS_CubeSat/I.R.I.S. - CubeSat - Master.gen/sources_1/bd/IRIS_Block_Design/ipshared/347d/hdl/mdm_v3_2_vh_rfs.vhd:899]
	Parameter INIT bound to: 16'b0000000101100111 
INFO: [Synth 8-113] binding component instance 'MB_SRL16E_I1' to cell 'SRL16E' [c:/Users/yohan/Documents/IRIS_CubeSat/I.R.I.S. - CubeSat - Master.gen/sources_1/bd/IRIS_Block_Design/ipshared/347d/hdl/mdm_v3_2_vh_rfs.vhd:903]
INFO: [Synth 8-256] done synthesizing module 'MB_SRL16E' (0#1) [c:/Users/yohan/Documents/IRIS_CubeSat/I.R.I.S. - CubeSat - Master.gen/sources_1/bd/IRIS_Block_Design/ipshared/347d/hdl/mdm_v3_2_vh_rfs.vhd:899]
	Parameter C_TARGET bound to: 2 - type: integer 
	Parameter C_STATIC bound to: 1 - type: bool 
	Parameter C_USE_SRL16 bound to: yes - type: string 
	Parameter INIT bound to: 16'b0100001010000111 
INFO: [Synth 8-3491] module 'MB_SRL16E' declared at 'c:/Users/yohan/Documents/IRIS_CubeSat/I.R.I.S. - CubeSat - Master.gen/sources_1/bd/IRIS_Block_Design/ipshared/347d/hdl/mdm_v3_2_vh_rfs.vhd:875' bound to instance 'SRL16E_2' of component 'MB_SRL16E' [c:/Users/yohan/Documents/IRIS_CubeSat/I.R.I.S. - CubeSat - Master.gen/sources_1/bd/IRIS_Block_Design/ipshared/347d/hdl/mdm_v3_2_vh_rfs.vhd:3953]
INFO: [Synth 8-638] synthesizing module 'MB_SRL16E__parameterized1' [c:/Users/yohan/Documents/IRIS_CubeSat/I.R.I.S. - CubeSat - Master.gen/sources_1/bd/IRIS_Block_Design/ipshared/347d/hdl/mdm_v3_2_vh_rfs.vhd:899]
	Parameter INIT bound to: 16'b0100001010000111 
INFO: [Synth 8-113] binding component instance 'MB_SRL16E_I1' to cell 'SRL16E' [c:/Users/yohan/Documents/IRIS_CubeSat/I.R.I.S. - CubeSat - Master.gen/sources_1/bd/IRIS_Block_Design/ipshared/347d/hdl/mdm_v3_2_vh_rfs.vhd:903]
INFO: [Synth 8-256] done synthesizing module 'MB_SRL16E__parameterized1' (0#1) [c:/Users/yohan/Documents/IRIS_CubeSat/I.R.I.S. - CubeSat - Master.gen/sources_1/bd/IRIS_Block_Design/ipshared/347d/hdl/mdm_v3_2_vh_rfs.vhd:899]
	Parameter C_TARGET bound to: 2 - type: integer 
	Parameter C_STATIC bound to: 1 - type: bool 
	Parameter C_USE_SRL16 bound to: yes - type: string 
	Parameter INIT bound to: 16'b0100010001000011 
INFO: [Synth 8-3491] module 'MB_SRL16E' declared at 'c:/Users/yohan/Documents/IRIS_CubeSat/I.R.I.S. - CubeSat - Master.gen/sources_1/bd/IRIS_Block_Design/ipshared/347d/hdl/mdm_v3_2_vh_rfs.vhd:875' bound to instance 'SRL16E_ID_1' of component 'MB_SRL16E' [c:/Users/yohan/Documents/IRIS_CubeSat/I.R.I.S. - CubeSat - Master.gen/sources_1/bd/IRIS_Block_Design/ipshared/347d/hdl/mdm_v3_2_vh_rfs.vhd:4024]
INFO: [Synth 8-638] synthesizing module 'MB_SRL16E__parameterized3' [c:/Users/yohan/Documents/IRIS_CubeSat/I.R.I.S. - CubeSat - Master.gen/sources_1/bd/IRIS_Block_Design/ipshared/347d/hdl/mdm_v3_2_vh_rfs.vhd:899]
	Parameter INIT bound to: 16'b0100010001000011 
INFO: [Synth 8-113] binding component instance 'MB_SRL16E_I1' to cell 'SRL16E' [c:/Users/yohan/Documents/IRIS_CubeSat/I.R.I.S. - CubeSat - Master.gen/sources_1/bd/IRIS_Block_Design/ipshared/347d/hdl/mdm_v3_2_vh_rfs.vhd:903]
INFO: [Synth 8-256] done synthesizing module 'MB_SRL16E__parameterized3' (0#1) [c:/Users/yohan/Documents/IRIS_CubeSat/I.R.I.S. - CubeSat - Master.gen/sources_1/bd/IRIS_Block_Design/ipshared/347d/hdl/mdm_v3_2_vh_rfs.vhd:899]
	Parameter C_TARGET bound to: 2 - type: integer 
	Parameter C_STATIC bound to: 1 - type: bool 
	Parameter C_USE_SRL16 bound to: yes - type: string 
	Parameter INIT bound to: 16'b0101100001001101 
INFO: [Synth 8-3491] module 'MB_SRL16E' declared at 'c:/Users/yohan/Documents/IRIS_CubeSat/I.R.I.S. - CubeSat - Master.gen/sources_1/bd/IRIS_Block_Design/ipshared/347d/hdl/mdm_v3_2_vh_rfs.vhd:875' bound to instance 'SRL16E_ID_2' of component 'MB_SRL16E' [c:/Users/yohan/Documents/IRIS_CubeSat/I.R.I.S. - CubeSat - Master.gen/sources_1/bd/IRIS_Block_Design/ipshared/347d/hdl/mdm_v3_2_vh_rfs.vhd:4042]
INFO: [Synth 8-638] synthesizing module 'MB_SRL16E__parameterized5' [c:/Users/yohan/Documents/IRIS_CubeSat/I.R.I.S. - CubeSat - Master.gen/sources_1/bd/IRIS_Block_Design/ipshared/347d/hdl/mdm_v3_2_vh_rfs.vhd:899]
	Parameter INIT bound to: 16'b0101100001001101 
INFO: [Synth 8-113] binding component instance 'MB_SRL16E_I1' to cell 'SRL16E' [c:/Users/yohan/Documents/IRIS_CubeSat/I.R.I.S. - CubeSat - Master.gen/sources_1/bd/IRIS_Block_Design/ipshared/347d/hdl/mdm_v3_2_vh_rfs.vhd:903]
INFO: [Synth 8-256] done synthesizing module 'MB_SRL16E__parameterized5' (0#1) [c:/Users/yohan/Documents/IRIS_CubeSat/I.R.I.S. - CubeSat - Master.gen/sources_1/bd/IRIS_Block_Design/ipshared/347d/hdl/mdm_v3_2_vh_rfs.vhd:899]
INFO: [Synth 8-256] done synthesizing module 'JTAG_CONTROL' (0#1) [c:/Users/yohan/Documents/IRIS_CubeSat/I.R.I.S. - CubeSat - Master.gen/sources_1/bd/IRIS_Block_Design/ipshared/347d/hdl/mdm_v3_2_vh_rfs.vhd:3357]
INFO: [Synth 8-256] done synthesizing module 'MDM_Core' (0#1) [c:/Users/yohan/Documents/IRIS_CubeSat/I.R.I.S. - CubeSat - Master.gen/sources_1/bd/IRIS_Block_Design/ipshared/347d/hdl/mdm_v3_2_vh_rfs.vhd:7037]
INFO: [Synth 8-256] done synthesizing module 'MDM' (0#1) [c:/Users/yohan/Documents/IRIS_CubeSat/I.R.I.S. - CubeSat - Master.gen/sources_1/bd/IRIS_Block_Design/ipshared/347d/hdl/mdm_v3_2_vh_rfs.vhd:14365]
INFO: [Synth 8-256] done synthesizing module 'IRIS_Block_Design_mdm_1_0' (0#1) [c:/Users/yohan/Documents/IRIS_CubeSat/I.R.I.S. - CubeSat - Master.gen/sources_1/bd/IRIS_Block_Design/ip/IRIS_Block_Design_mdm_1_0/synth/IRIS_Block_Design_mdm_1_0.vhd:74]
WARNING: [Synth 8-6014] Unused sequential element set_Ext_BRK_reg was removed.  [c:/Users/yohan/Documents/IRIS_CubeSat/I.R.I.S. - CubeSat - Master.gen/sources_1/bd/IRIS_Block_Design/ipshared/347d/hdl/mdm_v3_2_vh_rfs.vhd:4130]
WARNING: [Synth 8-7129] Port Config_Reset in module MB_SRL16E__parameterized5 is either unconnected or has no load
WARNING: [Synth 8-7129] Port Config_Reset in module MB_SRL16E__parameterized3 is either unconnected or has no load
WARNING: [Synth 8-7129] Port Config_Reset in module MB_SRL16E__parameterized1 is either unconnected or has no load
WARNING: [Synth 8-7129] Port Config_Reset in module MB_SRL16E is either unconnected or has no load
WARNING: [Synth 8-7129] Port Clk in module JTAG_CONTROL is either unconnected or has no load
WARNING: [Synth 8-7129] Port Rst in module JTAG_CONTROL is either unconnected or has no load
WARNING: [Synth 8-7129] Port Clear_Ext_BRK in module JTAG_CONTROL is either unconnected or has no load
WARNING: [Synth 8-7129] Port Read_RX_FIFO in module JTAG_CONTROL is either unconnected or has no load
WARNING: [Synth 8-7129] Port Reset_RX_FIFO in module JTAG_CONTROL is either unconnected or has no load
WARNING: [Synth 8-7129] Port Write_TX_FIFO in module JTAG_CONTROL is either unconnected or has no load
WARNING: [Synth 8-7129] Port Reset_TX_FIFO in module JTAG_CONTROL is either unconnected or has no load
WARNING: [Synth 8-7129] Port TX_Data[0] in module JTAG_CONTROL is either unconnected or has no load
WARNING: [Synth 8-7129] Port TX_Data[1] in module JTAG_CONTROL is either unconnected or has no load
WARNING: [Synth 8-7129] Port TX_Data[2] in module JTAG_CONTROL is either unconnected or has no load
WARNING: [Synth 8-7129] Port TX_Data[3] in module JTAG_CONTROL is either unconnected or has no load
WARNING: [Synth 8-7129] Port TX_Data[4] in module JTAG_CONTROL is either unconnected or has no load
WARNING: [Synth 8-7129] Port TX_Data[5] in module JTAG_CONTROL is either unconnected or has no load
WARNING: [Synth 8-7129] Port TX_Data[6] in module JTAG_CONTROL is either unconnected or has no load
WARNING: [Synth 8-7129] Port TX_Data[7] in module JTAG_CONTROL is either unconnected or has no load
WARNING: [Synth 8-7129] Port DbgReg_DRCK in module JTAG_CONTROL is either unconnected or has no load
WARNING: [Synth 8-7129] Port DbgReg_UPDATE in module JTAG_CONTROL is either unconnected or has no load
WARNING: [Synth 8-7129] Port DbgReg_Access_Lock in module JTAG_CONTROL is either unconnected or has no load
WARNING: [Synth 8-7129] Port DbgReg_Force_Lock in module JTAG_CONTROL is either unconnected or has no load
WARNING: [Synth 8-7129] Port DbgReg_Unlocked in module JTAG_CONTROL is either unconnected or has no load
WARNING: [Synth 8-7129] Port AXI_Transaction in module JTAG_CONTROL is either unconnected or has no load
WARNING: [Synth 8-7129] Port AXI_Instr_Overrun in module JTAG_CONTROL is either unconnected or has no load
WARNING: [Synth 8-7129] Port AXI_Data_Overrun in module JTAG_CONTROL is either unconnected or has no load
WARNING: [Synth 8-7129] Port RESET in module JTAG_CONTROL is either unconnected or has no load
WARNING: [Synth 8-7129] Port M_AXI_ACLK in module JTAG_CONTROL is either unconnected or has no load
WARNING: [Synth 8-7129] Port M_AXI_ARESETn in module JTAG_CONTROL is either unconnected or has no load
WARNING: [Synth 8-7129] Port Master_rd_idle in module JTAG_CONTROL is either unconnected or has no load
WARNING: [Synth 8-7129] Port Master_rd_resp[1] in module JTAG_CONTROL is either unconnected or has no load
WARNING: [Synth 8-7129] Port Master_rd_resp[0] in module JTAG_CONTROL is either unconnected or has no load
WARNING: [Synth 8-7129] Port Master_wr_idle in module JTAG_CONTROL is either unconnected or has no load
WARNING: [Synth 8-7129] Port Master_wr_resp[1] in module JTAG_CONTROL is either unconnected or has no load
WARNING: [Synth 8-7129] Port Master_wr_resp[0] in module JTAG_CONTROL is either unconnected or has no load
WARNING: [Synth 8-7129] Port Master_data_out[31] in module JTAG_CONTROL is either unconnected or has no load
WARNING: [Synth 8-7129] Port Master_data_out[30] in module JTAG_CONTROL is either unconnected or has no load
WARNING: [Synth 8-7129] Port Master_data_out[29] in module JTAG_CONTROL is either unconnected or has no load
WARNING: [Synth 8-7129] Port Master_data_out[28] in module JTAG_CONTROL is either unconnected or has no load
WARNING: [Synth 8-7129] Port Master_data_out[27] in module JTAG_CONTROL is either unconnected or has no load
WARNING: [Synth 8-7129] Port Master_data_out[26] in module JTAG_CONTROL is either unconnected or has no load
WARNING: [Synth 8-7129] Port Master_data_out[25] in module JTAG_CONTROL is either unconnected or has no load
WARNING: [Synth 8-7129] Port Master_data_out[24] in module JTAG_CONTROL is either unconnected or has no load
WARNING: [Synth 8-7129] Port Master_data_out[23] in module JTAG_CONTROL is either unconnected or has no load
WARNING: [Synth 8-7129] Port Master_data_out[22] in module JTAG_CONTROL is either unconnected or has no load
WARNING: [Synth 8-7129] Port Master_data_out[21] in module JTAG_CONTROL is either unconnected or has no load
WARNING: [Synth 8-7129] Port Master_data_out[20] in module JTAG_CONTROL is either unconnected or has no load
WARNING: [Synth 8-7129] Port Master_data_out[19] in module JTAG_CONTROL is either unconnected or has no load
WARNING: [Synth 8-7129] Port Master_data_out[18] in module JTAG_CONTROL is either unconnected or has no load
WARNING: [Synth 8-7129] Port Master_data_out[17] in module JTAG_CONTROL is either unconnected or has no load
WARNING: [Synth 8-7129] Port Master_data_out[16] in module JTAG_CONTROL is either unconnected or has no load
WARNING: [Synth 8-7129] Port Master_data_out[15] in module JTAG_CONTROL is either unconnected or has no load
WARNING: [Synth 8-7129] Port Master_data_out[14] in module JTAG_CONTROL is either unconnected or has no load
WARNING: [Synth 8-7129] Port Master_data_out[13] in module JTAG_CONTROL is either unconnected or has no load
WARNING: [Synth 8-7129] Port Master_data_out[12] in module JTAG_CONTROL is either unconnected or has no load
WARNING: [Synth 8-7129] Port Master_data_out[11] in module JTAG_CONTROL is either unconnected or has no load
WARNING: [Synth 8-7129] Port Master_data_out[10] in module JTAG_CONTROL is either unconnected or has no load
WARNING: [Synth 8-7129] Port Master_data_out[9] in module JTAG_CONTROL is either unconnected or has no load
WARNING: [Synth 8-7129] Port Master_data_out[8] in module JTAG_CONTROL is either unconnected or has no load
WARNING: [Synth 8-7129] Port Master_data_out[7] in module JTAG_CONTROL is either unconnected or has no load
WARNING: [Synth 8-7129] Port Master_data_out[6] in module JTAG_CONTROL is either unconnected or has no load
WARNING: [Synth 8-7129] Port Master_data_out[5] in module JTAG_CONTROL is either unconnected or has no load
WARNING: [Synth 8-7129] Port Master_data_out[4] in module JTAG_CONTROL is either unconnected or has no load
WARNING: [Synth 8-7129] Port Master_data_out[3] in module JTAG_CONTROL is either unconnected or has no load
WARNING: [Synth 8-7129] Port Master_data_out[2] in module JTAG_CONTROL is either unconnected or has no load
WARNING: [Synth 8-7129] Port Master_data_out[1] in module JTAG_CONTROL is either unconnected or has no load
WARNING: [Synth 8-7129] Port Master_data_out[0] in module JTAG_CONTROL is either unconnected or has no load
WARNING: [Synth 8-7129] Port Master_data_exists in module JTAG_CONTROL is either unconnected or has no load
WARNING: [Synth 8-7129] Port Master_data_empty in module JTAG_CONTROL is either unconnected or has no load
WARNING: [Synth 8-7129] Port Master_dwr_done in module JTAG_CONTROL is either unconnected or has no load
WARNING: [Synth 8-7129] Port Master_dwr_resp[1] in module JTAG_CONTROL is either unconnected or has no load
WARNING: [Synth 8-7129] Port Master_dwr_resp[0] in module JTAG_CONTROL is either unconnected or has no load
WARNING: [Synth 8-7129] Port Dbg_Trig_In_0[0] in module JTAG_CONTROL is either unconnected or has no load
WARNING: [Synth 8-7129] Port Dbg_Trig_In_0[1] in module JTAG_CONTROL is either unconnected or has no load
WARNING: [Synth 8-7129] Port Dbg_Trig_In_0[2] in module JTAG_CONTROL is either unconnected or has no load
WARNING: [Synth 8-7129] Port Dbg_Trig_In_0[3] in module JTAG_CONTROL is either unconnected or has no load
WARNING: [Synth 8-7129] Port Dbg_Trig_In_0[4] in module JTAG_CONTROL is either unconnected or has no load
WARNING: [Synth 8-7129] Port Dbg_Trig_In_0[5] in module JTAG_CONTROL is either unconnected or has no load
WARNING: [Synth 8-7129] Port Dbg_Trig_In_0[6] in module JTAG_CONTROL is either unconnected or has no load
WARNING: [Synth 8-7129] Port Dbg_Trig_In_0[7] in module JTAG_CONTROL is either unconnected or has no load
WARNING: [Synth 8-7129] Port Dbg_Trig_In_1[0] in module JTAG_CONTROL is either unconnected or has no load
WARNING: [Synth 8-7129] Port Dbg_Trig_In_1[1] in module JTAG_CONTROL is either unconnected or has no load
WARNING: [Synth 8-7129] Port Dbg_Trig_In_1[2] in module JTAG_CONTROL is either unconnected or has no load
WARNING: [Synth 8-7129] Port Dbg_Trig_In_1[3] in module JTAG_CONTROL is either unconnected or has no load
WARNING: [Synth 8-7129] Port Dbg_Trig_In_1[4] in module JTAG_CONTROL is either unconnected or has no load
WARNING: [Synth 8-7129] Port Dbg_Trig_In_1[5] in module JTAG_CONTROL is either unconnected or has no load
WARNING: [Synth 8-7129] Port Dbg_Trig_In_1[6] in module JTAG_CONTROL is either unconnected or has no load
WARNING: [Synth 8-7129] Port Dbg_Trig_In_1[7] in module JTAG_CONTROL is either unconnected or has no load
WARNING: [Synth 8-7129] Port Dbg_Trig_In_2[0] in module JTAG_CONTROL is either unconnected or has no load
WARNING: [Synth 8-7129] Port Dbg_Trig_In_2[1] in module JTAG_CONTROL is either unconnected or has no load
WARNING: [Synth 8-7129] Port Dbg_Trig_In_2[2] in module JTAG_CONTROL is either unconnected or has no load
WARNING: [Synth 8-7129] Port Dbg_Trig_In_2[3] in module JTAG_CONTROL is either unconnected or has no load
WARNING: [Synth 8-7129] Port Dbg_Trig_In_2[4] in module JTAG_CONTROL is either unconnected or has no load
WARNING: [Synth 8-7129] Port Dbg_Trig_In_2[5] in module JTAG_CONTROL is either unconnected or has no load
WARNING: [Synth 8-7129] Port Dbg_Trig_In_2[6] in module JTAG_CONTROL is either unconnected or has no load
WARNING: [Synth 8-7129] Port Dbg_Trig_In_2[7] in module JTAG_CONTROL is either unconnected or has no load
WARNING: [Synth 8-7129] Port Dbg_Trig_In_3[0] in module JTAG_CONTROL is either unconnected or has no load
WARNING: [Synth 8-7129] Port Dbg_Trig_In_3[1] in module JTAG_CONTROL is either unconnected or has no load
WARNING: [Synth 8-7129] Port Dbg_Trig_In_3[2] in module JTAG_CONTROL is either unconnected or has no load
INFO: [Common 17-14] Message 'Synth 8-7129' appears 100 times and further instances of the messages will be disabled. Use the Tcl command set_msg_config to change the current settings.
---------------------------------------------------------------------------------
Finished RTL Elaboration : Time (s): cpu = 00:00:13 ; elapsed = 00:00:23 . Memory (MB): peak = 1481.078 ; gain = 578.031
---------------------------------------------------------------------------------
---------------------------------------------------------------------------------
Start Handling Custom Attributes
---------------------------------------------------------------------------------
---------------------------------------------------------------------------------
Finished Handling Custom Attributes : Time (s): cpu = 00:00:14 ; elapsed = 00:00:23 . Memory (MB): peak = 1481.078 ; gain = 578.031
---------------------------------------------------------------------------------
---------------------------------------------------------------------------------
Finished RTL Optimization Phase 1 : Time (s): cpu = 00:00:14 ; elapsed = 00:00:23 . Memory (MB): peak = 1481.078 ; gain = 578.031
---------------------------------------------------------------------------------
Netlist sorting complete. Time (s): cpu = 00:00:00 ; elapsed = 00:00:00.116 . Memory (MB): peak = 1481.078 ; gain = 0.000
INFO: [Netlist 29-17] Analyzing 2 Unisim elements for replacement
INFO: [Netlist 29-28] Unisim Transformation completed in 0 CPU seconds
INFO: [Project 1-570] Preparing netlist for logic optimization

Processing XDC Constraints
Initializing timing engine
Parsing XDC File [C:/Users/yohan/Documents/IRIS_CubeSat/I.R.I.S. - CubeSat - Master.runs/IRIS_Block_Design_mdm_1_0_synth_1/dont_touch.xdc]
Finished Parsing XDC File [C:/Users/yohan/Documents/IRIS_CubeSat/I.R.I.S. - CubeSat - Master.runs/IRIS_Block_Design_mdm_1_0_synth_1/dont_touch.xdc]
Parsing XDC File [c:/Users/yohan/Documents/IRIS_CubeSat/I.R.I.S. - CubeSat - Master.gen/sources_1/bd/IRIS_Block_Design/ip/IRIS_Block_Design_mdm_1_0/IRIS_Block_Design_mdm_1_0_ooc_trace.xdc] for cell 'U0'
Finished Parsing XDC File [c:/Users/yohan/Documents/IRIS_CubeSat/I.R.I.S. - CubeSat - Master.gen/sources_1/bd/IRIS_Block_Design/ip/IRIS_Block_Design_mdm_1_0/IRIS_Block_Design_mdm_1_0_ooc_trace.xdc] for cell 'U0'
Parsing XDC File [c:/Users/yohan/Documents/IRIS_CubeSat/I.R.I.S. - CubeSat - Master.gen/sources_1/bd/IRIS_Block_Design/ip/IRIS_Block_Design_mdm_1_0/IRIS_Block_Design_mdm_1_0.xdc] for cell 'U0'
Finished Parsing XDC File [c:/Users/yohan/Documents/IRIS_CubeSat/I.R.I.S. - CubeSat - Master.gen/sources_1/bd/IRIS_Block_Design/ip/IRIS_Block_Design_mdm_1_0/IRIS_Block_Design_mdm_1_0.xdc] for cell 'U0'
INFO: [Project 1-236] Implementation specific constraints were found while reading constraint file [c:/Users/yohan/Documents/IRIS_CubeSat/I.R.I.S. - CubeSat - Master.gen/sources_1/bd/IRIS_Block_Design/ip/IRIS_Block_Design_mdm_1_0/IRIS_Block_Design_mdm_1_0.xdc]. These constraints will be ignored for synthesis but will be used in implementation. Impacted constraints are listed in the file [.Xil/IRIS_Block_Design_mdm_1_0_propImpl.xdc].
Resolution: To avoid this warning, move constraints listed in [.Xil/IRIS_Block_Design_mdm_1_0_propImpl.xdc] to another XDC file and exclude this new file from synthesis with the used_in_synthesis property (File Properties dialog in GUI) and re-run elaboration/synthesis.
Completed Processing XDC Constraints

Netlist sorting complete. Time (s): cpu = 00:00:00 ; elapsed = 00:00:00.001 . Memory (MB): peak = 1527.125 ; gain = 0.000
INFO: [Project 1-111] Unisim Transformation Summary:
  A total of 2 instances were transformed.
  FDC_1 => FDCE (inverted pins: C): 1 instance 
  FDRE_1 => FDRE (inverted pins: C): 1 instance 

AccŠs refus‚.
Constraint Validation Runtime : Time (s): cpu = 00:00:00 ; elapsed = 00:00:00.039 . Memory (MB): peak = 1532.344 ; gain = 5.219
INFO: [Designutils 20-5008] Incremental synthesis strategy off
---------------------------------------------------------------------------------
Finished Constraint Validation : Time (s): cpu = 00:00:23 ; elapsed = 00:00:39 . Memory (MB): peak = 1532.344 ; gain = 629.297
---------------------------------------------------------------------------------
---------------------------------------------------------------------------------
Start Loading Part and Timing Information
---------------------------------------------------------------------------------
Loading part: xc7a100tfgg484-2
---------------------------------------------------------------------------------
Finished Loading Part and Timing Information : Time (s): cpu = 00:00:23 ; elapsed = 00:00:39 . Memory (MB): peak = 1532.344 ; gain = 629.297
---------------------------------------------------------------------------------
---------------------------------------------------------------------------------
Start Applying 'set_property' XDC Constraints
---------------------------------------------------------------------------------
Applied set_property KEEP_HIERARCHY = SOFT for U0. (constraint file  {C:/Users/yohan/Documents/IRIS_CubeSat/I.R.I.S. - CubeSat - Master.runs/IRIS_Block_Design_mdm_1_0_synth_1/dont_touch.xdc}, line 9).
---------------------------------------------------------------------------------
Finished applying 'set_property' XDC Constraints : Time (s): cpu = 00:00:23 ; elapsed = 00:00:39 . Memory (MB): peak = 1532.344 ; gain = 629.297
---------------------------------------------------------------------------------
---------------------------------------------------------------------------------
Finished RTL Optimization Phase 2 : Time (s): cpu = 00:00:24 ; elapsed = 00:00:40 . Memory (MB): peak = 1532.344 ; gain = 629.297
---------------------------------------------------------------------------------
---------------------------------------------------------------------------------
Start RTL Component Statistics 
---------------------------------------------------------------------------------
Detailed RTL Component Info : 
+---Adders : 
	   2 Input   10 Bit       Adders := 1     
	   2 Input    6 Bit       Adders := 1     
	   2 Input    5 Bit       Adders := 1     
	   2 Input    2 Bit       Adders := 1     
+---Registers : 
	               32 Bit    Registers := 1     
	               16 Bit    Registers := 1     
	                8 Bit    Registers := 3     
	                6 Bit    Registers := 2     
	                5 Bit    Registers := 1     
	                4 Bit    Registers := 3     
	                3 Bit    Registers := 1     
	                2 Bit    Registers := 1     
	                1 Bit    Registers := 11    
+---Muxes : 
	   2 Input   16 Bit        Muxes := 4     
	   2 Input   10 Bit        Muxes := 3     
	   2 Input    8 Bit        Muxes := 3     
	   2 Input    6 Bit        Muxes := 1     
	   2 Input    5 Bit        Muxes := 1     
	   2 Input    3 Bit        Muxes := 2     
	   2 Input    2 Bit        Muxes := 1     
	   2 Input    1 Bit        Muxes := 23    
	  12 Input    1 Bit        Muxes := 1     
	   4 Input    1 Bit        Muxes := 1     
---------------------------------------------------------------------------------
Finished RTL Component Statistics 
---------------------------------------------------------------------------------
---------------------------------------------------------------------------------
Start Part Resource Summary
---------------------------------------------------------------------------------
Part Resources:
DSPs: 240 (col length:80)
BRAMs: 270 (col length: RAMB18 80 RAMB36 40)
---------------------------------------------------------------------------------
Finished Part Resource Summary
---------------------------------------------------------------------------------
---------------------------------------------------------------------------------
Start Cross Boundary and Area Optimization
---------------------------------------------------------------------------------
WARNING: [Synth 8-7080] Parallel synthesis criteria is not met
---------------------------------------------------------------------------------
Finished Cross Boundary and Area Optimization : Time (s): cpu = 00:00:27 ; elapsed = 00:00:44 . Memory (MB): peak = 1532.344 ; gain = 629.297
---------------------------------------------------------------------------------
---------------------------------------------------------------------------------
Start Applying XDC Timing Constraints
---------------------------------------------------------------------------------
---------------------------------------------------------------------------------
Finished Applying XDC Timing Constraints : Time (s): cpu = 00:00:34 ; elapsed = 00:00:53 . Memory (MB): peak = 1532.344 ; gain = 629.297
---------------------------------------------------------------------------------
---------------------------------------------------------------------------------
Start Timing Optimization
---------------------------------------------------------------------------------
---------------------------------------------------------------------------------
Finished Timing Optimization : Time (s): cpu = 00:00:35 ; elapsed = 00:00:54 . Memory (MB): peak = 1532.344 ; gain = 629.297
---------------------------------------------------------------------------------
---------------------------------------------------------------------------------
Start Technology Mapping
---------------------------------------------------------------------------------
---------------------------------------------------------------------------------
Finished Technology Mapping : Time (s): cpu = 00:00:35 ; elapsed = 00:00:54 . Memory (MB): peak = 1532.344 ; gain = 629.297
---------------------------------------------------------------------------------
---------------------------------------------------------------------------------
Start IO Insertion
---------------------------------------------------------------------------------
---------------------------------------------------------------------------------
Start Flattening Before IO Insertion
---------------------------------------------------------------------------------
---------------------------------------------------------------------------------
Finished Flattening Before IO Insertion
---------------------------------------------------------------------------------
---------------------------------------------------------------------------------
Start Final Netlist Cleanup
---------------------------------------------------------------------------------
---------------------------------------------------------------------------------
Finished Final Netlist Cleanup
---------------------------------------------------------------------------------
---------------------------------------------------------------------------------
Finished IO Insertion : Time (s): cpu = 00:00:44 ; elapsed = 00:01:03 . Memory (MB): peak = 1532.344 ; gain = 629.297
---------------------------------------------------------------------------------
---------------------------------------------------------------------------------
Start Renaming Generated Instances
---------------------------------------------------------------------------------
---------------------------------------------------------------------------------
Finished Renaming Generated Instances : Time (s): cpu = 00:00:44 ; elapsed = 00:01:03 . Memory (MB): peak = 1532.344 ; gain = 629.297
---------------------------------------------------------------------------------
---------------------------------------------------------------------------------
Start Rebuilding User Hierarchy
---------------------------------------------------------------------------------
---------------------------------------------------------------------------------
Finished Rebuilding User Hierarchy : Time (s): cpu = 00:00:44 ; elapsed = 00:01:03 . Memory (MB): peak = 1532.344 ; gain = 629.297
---------------------------------------------------------------------------------
---------------------------------------------------------------------------------
Start Renaming Generated Ports
---------------------------------------------------------------------------------
---------------------------------------------------------------------------------
Finished Renaming Generated Ports : Time (s): cpu = 00:00:44 ; elapsed = 00:01:03 . Memory (MB): peak = 1532.344 ; gain = 629.297
---------------------------------------------------------------------------------
---------------------------------------------------------------------------------
Start Handling Custom Attributes
---------------------------------------------------------------------------------
---------------------------------------------------------------------------------
Finished Handling Custom Attributes : Time (s): cpu = 00:00:44 ; elapsed = 00:01:03 . Memory (MB): peak = 1532.344 ; gain = 629.297
---------------------------------------------------------------------------------
---------------------------------------------------------------------------------
Start Renaming Generated Nets
---------------------------------------------------------------------------------
---------------------------------------------------------------------------------
Finished Renaming Generated Nets : Time (s): cpu = 00:00:44 ; elapsed = 00:01:03 . Memory (MB): peak = 1532.344 ; gain = 629.297
---------------------------------------------------------------------------------
---------------------------------------------------------------------------------
Start ROM, RAM, DSP, Shift Register and Retiming Reporting
---------------------------------------------------------------------------------

Static Shift Register Report:
+------------+------------------------------------------+--------+-------+--------------+--------------------+-------------------+--------+---------+
|Module Name | RTL Name                                 | Length | Width | Reset Signal | Pull out first Reg | Pull out last Reg | SRL16E | SRLC32E | 
+------------+------------------------------------------+--------+-------+--------------+--------------------+-------------------+--------+---------+
|MDM         | MDM_Core_I1/Use_BSCAN.Config_Reg_reg[26] | 4      | 1     | YES          | NO                 | YES               | 1      | 0       | 
|MDM         | MDM_Core_I1/Use_BSCAN.Config_Reg_reg[10] | 15     | 1     | YES          | NO                 | YES               | 1      | 0       | 
|MDM         | MDM_Core_I1/Use_BSCAN.Config_Reg_reg[3]  | 6      | 1     | YES          | NO                 | YES               | 1      | 0       | 
+------------+------------------------------------------+--------+-------+--------------+--------------------+-------------------+--------+---------+

---------------------------------------------------------------------------------
Finished ROM, RAM, DSP, Shift Register and Retiming Reporting
---------------------------------------------------------------------------------
---------------------------------------------------------------------------------
Start Writing Synthesis Report
---------------------------------------------------------------------------------

Report BlackBoxes: 
+-+--------------+----------+
| |BlackBox name |Instances |
+-+--------------+----------+
+-+--------------+----------+

Report Cell Usage: 
+------+--------+------+
|      |Cell    |Count |
+------+--------+------+
|1     |BSCANE2 |     1|
|2     |BUFG    |     1|
|3     |LUT1    |     5|
|4     |LUT2    |    13|
|5     |LUT3    |    23|
|6     |LUT4    |    13|
|7     |LUT5    |    16|
|8     |LUT6    |    36|
|9     |SRL16E  |     7|
|10    |FDCE    |    30|
|11    |FDC     |     1|
|12    |FDPE    |     6|
|13    |FDRE    |    74|
+------+--------+------+
---------------------------------------------------------------------------------
Finished Writing Synthesis Report : Time (s): cpu = 00:00:44 ; elapsed = 00:01:03 . Memory (MB): peak = 1532.344 ; gain = 629.297
---------------------------------------------------------------------------------
Synthesis finished with 0 errors, 0 critical warnings and 4312 warnings.
Synthesis Optimization Runtime : Time (s): cpu = 00:00:27 ; elapsed = 00:00:59 . Memory (MB): peak = 1532.344 ; gain = 578.031
Synthesis Optimization Complete : Time (s): cpu = 00:00:44 ; elapsed = 00:01:03 . Memory (MB): peak = 1532.344 ; gain = 629.297
INFO: [Project 1-571] Translating synthesized netlist
Netlist sorting complete. Time (s): cpu = 00:00:00 ; elapsed = 00:00:00.040 . Memory (MB): peak = 1532.344 ; gain = 0.000
INFO: [Netlist 29-17] Analyzing 2 Unisim elements for replacement
INFO: [Netlist 29-28] Unisim Transformation completed in 0 CPU seconds
INFO: [Project 1-570] Preparing netlist for logic optimization
INFO: [Opt 31-138] Pushed 0 inverter(s) to 0 load pin(s).
Netlist sorting complete. Time (s): cpu = 00:00:00 ; elapsed = 00:00:00 . Memory (MB): peak = 1532.344 ; gain = 0.000
INFO: [Project 1-111] Unisim Transformation Summary:
  A total of 2 instances were transformed.
  FDC_1 => FDCE (inverted pins: C): 1 instance 
  FDRE_1 => FDRE (inverted pins: C): 1 instance 

AccŠs refus‚.
Synth Design complete | Checksum: 265314b3
INFO: [Common 17-83] Releasing license: Synthesis
74 Infos, 102 Warnings, 0 Critical Warnings and 0 Errors encountered.
synth_design completed successfully
synth_design: Time (s): cpu = 00:00:49 ; elapsed = 00:01:13 . Memory (MB): peak = 1532.344 ; gain = 1039.531
Write ShapeDB Complete: Time (s): cpu = 00:00:00 ; elapsed = 00:00:00.001 . Memory (MB): peak = 1532.344 ; gain = 0.000
INFO: [Common 17-1381] The checkpoint 'C:/Users/yohan/Documents/IRIS_CubeSat/I.R.I.S. - CubeSat - Master.runs/IRIS_Block_Design_mdm_1_0_synth_1/IRIS_Block_Design_mdm_1_0.dcp' has been generated.
INFO: [Coretcl 2-1648] Added synthesis output to IP cache for IP IRIS_Block_Design_mdm_1_0, cache-ID = ef4623774566de8c
INFO: [Coretcl 2-1174] Renamed 12 cell refs.
Write ShapeDB Complete: Time (s): cpu = 00:00:00 ; elapsed = 00:00:00.001 . Memory (MB): peak = 1532.344 ; gain = 0.000
INFO: [Common 17-1381] The checkpoint 'C:/Users/yohan/Documents/IRIS_CubeSat/I.R.I.S. - CubeSat - Master.runs/IRIS_Block_Design_mdm_1_0_synth_1/IRIS_Block_Design_mdm_1_0.dcp' has been generated.
INFO: [runtcl-4] Executing : report_utilization -file IRIS_Block_Design_mdm_1_0_utilization_synth.rpt -pb IRIS_Block_Design_mdm_1_0_utilization_synth.pb
INFO: [Common 17-206] Exiting Vivado at Thu Dec 14 13:07:02 2023...
