
*** Running vivado
    with args -log IRIS_Block_Design_axi_gpio_4_0.vds -m64 -product Vivado -mode batch -messageDb vivado.pb -notrace -source IRIS_Block_Design_axi_gpio_4_0.tcl


Commande ECHO d‚sactiv‚e.
Commande ECHO d‚sactiv‚e.

****** Vivado v2023.2 (64-bit)
  **** SW Build 4029153 on Fri Oct 13 20:14:34 MDT 2023
  **** IP Build 4028589 on Sat Oct 14 00:45:43 MDT 2023
  **** SharedData Build 4025554 on Tue Oct 10 17:18:54 MDT 2023
    ** Copyright 1986-2022 Xilinx, Inc. All Rights Reserved.
    ** Copyright 2022-2023 Advanced Micro Devices, Inc. All Rights Reserved.

source IRIS_Block_Design_axi_gpio_4_0.tcl -notrace
create_project: Time (s): cpu = 00:00:05 ; elapsed = 00:00:10 . Memory (MB): peak = 473.965 ; gain = 177.715
INFO: [IP_Flow 19-6924] IPCACHE: Running cache check for IP inst: IRIS_Block_Design_axi_gpio_4_0
INFO: [IP_Flow 19-6922] IPCACHE: Exporting cached entry 4891cab74a8e7a2c to dir: C:/Users/yohan/Documents/IRIS_CubeSat/I.R.I.S. - CubeSat - Master.runs/IRIS_Block_Design_axi_gpio_4_0_synth_1
INFO: [IP_Flow 19-6928] IPCACHE: copied cached file c:/Users/yohan/Documents/IRIS_CubeSat/I.R.I.S. - CubeSat - Master.cache/ip/2023.2/4/8/4891cab74a8e7a2c/IRIS_Block_Design_axi_gpio_0_0.dcp to C:/Users/yohan/Documents/IRIS_CubeSat/I.R.I.S. - CubeSat - Master.runs/IRIS_Block_Design_axi_gpio_4_0_synth_1/IRIS_Block_Design_axi_gpio_4_0.dcp.
INFO: [IP_Flow 19-6928] IPCACHE: copied cached file c:/Users/yohan/Documents/IRIS_CubeSat/I.R.I.S. - CubeSat - Master.cache/ip/2023.2/4/8/4891cab74a8e7a2c/IRIS_Block_Design_axi_gpio_0_0_sim_netlist.v to C:/Users/yohan/Documents/IRIS_CubeSat/I.R.I.S. - CubeSat - Master.runs/IRIS_Block_Design_axi_gpio_4_0_synth_1/IRIS_Block_Design_axi_gpio_4_0_sim_netlist.v.
INFO: [IP_Flow 19-6928] IPCACHE: copied cached file c:/Users/yohan/Documents/IRIS_CubeSat/I.R.I.S. - CubeSat - Master.cache/ip/2023.2/4/8/4891cab74a8e7a2c/IRIS_Block_Design_axi_gpio_0_0_sim_netlist.vhdl to C:/Users/yohan/Documents/IRIS_CubeSat/I.R.I.S. - CubeSat - Master.runs/IRIS_Block_Design_axi_gpio_4_0_synth_1/IRIS_Block_Design_axi_gpio_4_0_sim_netlist.vhdl.
INFO: [IP_Flow 19-6928] IPCACHE: copied cached file c:/Users/yohan/Documents/IRIS_CubeSat/I.R.I.S. - CubeSat - Master.cache/ip/2023.2/4/8/4891cab74a8e7a2c/IRIS_Block_Design_axi_gpio_0_0_stub.v to C:/Users/yohan/Documents/IRIS_CubeSat/I.R.I.S. - CubeSat - Master.runs/IRIS_Block_Design_axi_gpio_4_0_synth_1/IRIS_Block_Design_axi_gpio_4_0_stub.v.
INFO: [IP_Flow 19-6928] IPCACHE: copied cached file c:/Users/yohan/Documents/IRIS_CubeSat/I.R.I.S. - CubeSat - Master.cache/ip/2023.2/4/8/4891cab74a8e7a2c/IRIS_Block_Design_axi_gpio_0_0_stub.vhdl to C:/Users/yohan/Documents/IRIS_CubeSat/I.R.I.S. - CubeSat - Master.runs/IRIS_Block_Design_axi_gpio_4_0_synth_1/IRIS_Block_Design_axi_gpio_4_0_stub.vhdl.
INFO: [IP_Flow 19-4838] Using cached IP synthesis design for IP IRIS_Block_Design_axi_gpio_4_0, cache-ID = 4891cab74a8e7a2c.
INFO: [Common 17-206] Exiting Vivado at Thu Dec 14 13:26:30 2023...
